<?xml version="1.0" encoding="UTF-8"?>
<testsuite name="com.example.engine.formats.text.TextDecodingTest" tests="5" skipped="0" failures="0" errors="0" timestamp="2026-07-18T18:18:42.619Z" hostname="LEOSTRANGE" time="0.006">
  <properties/>
  <testcase name="prefersWindows1251ForBomlessCyrillicText" classname="com.example.engine.formats.text.TextDecodingTest" time="0.001"/>
  <testcase name="decodesValidUtf8WithoutBom" classname="com.example.engine.formats.text.TextDecodingTest" time="0.0"/>
  <testcase name="decodesWesternCorpusSampleWithoutReplacementGlyphs" classname="com.example.engine.formats.text.TextDecodingTest" time="0.003"/>
  <testcase name="detectsUtf16LeWithoutBom" classname="com.example.engine.formats.text.TextDecodingTest" time="0.001"/>
  <testcase name="decodesWindows1252WhenUtf8IsInvalid" classname="com.example.engine.formats.text.TextDecodingTest" time="0.001"/>
  <system-out><![CDATA[]]></system-out>
  <system-err><![CDATA[]]></system-err>
</testsuite>
