<?xml version="1.0" encoding="UTF-8"?>
<testsuite name="com.example.engine.formats.text.MarkdownSupportTest" tests="6" skipped="0" failures="0" errors="0" timestamp="2026-07-18T18:18:41.798Z" hostname="LEOSTRANGE" time="0.723">
  <properties/>
  <testcase name="parsesRealCorpusSampleIntoManyBlocks" classname="com.example.engine.formats.text.MarkdownSupportTest" time="0.468"/>
  <testcase name="preservesSafeInlineHtml" classname="com.example.engine.formats.text.MarkdownSupportTest" time="0.002"/>
  <testcase name="sanitizesDangerousHtmlTags" classname="com.example.engine.formats.text.MarkdownSupportTest" time="0.001"/>
  <testcase name="rendersFencedCodeBlocksAndHeadings" classname="com.example.engine.formats.text.MarkdownSupportTest" time="0.001"/>
  <testcase name="rendersTablesAutolinksAndStrikethrough" classname="com.example.engine.formats.text.MarkdownSupportTest" time="0.007"/>
  <testcase name="realCorpusKeepsOrderedListsAndBlockquotes" classname="com.example.engine.formats.text.MarkdownSupportTest" time="0.243"/>
  <system-out><![CDATA[]]></system-out>
  <system-err><![CDATA[]]></system-err>
</testsuite>
