<?xml version="1.0" encoding="UTF-8"?>
<testsuite name="com.example.engine.formats.epub.EpubSpineMergeTest" tests="5" skipped="0" failures="0" errors="0" timestamp="2026-07-18T18:18:40.473Z" hostname="LEOSTRANGE" time="1.071">
  <properties/>
  <testcase name="titleOnlyWrappedInSpanStillMergesWithBody" classname="com.example.engine.formats.epub.EpubSpineMergeTest" time="0.114"/>
  <testcase name="titleOnlySpinePageMergesFollowingChapterBody" classname="com.example.engine.formats.epub.EpubSpineMergeTest" time="0.117"/>
  <testcase name="aliceUsesSpineSectionsNotCharChunks" classname="com.example.engine.formats.epub.EpubSpineMergeTest" time="0.241"/>
  <testcase name="emptySpinePageIsSkipped" classname="com.example.engine.formats.epub.EpubSpineMergeTest" time="0.036"/>
  <testcase name="aliceSpineOrderKeepsChapterOneBeforeTwelve" classname="com.example.engine.formats.epub.EpubSpineMergeTest" time="0.562"/>
  <system-out><![CDATA[]]></system-out>
  <system-err><![CDATA[[Fatal Error] :1:31: DOCTYPE is disallowed when the feature "http://apache.org/xml/features/disallow-doctype-decl" set to true.
[Fatal Error] :2:10: DOCTYPE is disallowed when the feature "http://apache.org/xml/features/disallow-doctype-decl" set to true.
[Fatal Error] :2:10: DOCTYPE is disallowed when the feature "http://apache.org/xml/features/disallow-doctype-decl" set to true.
[Fatal Error] :1:31: DOCTYPE is disallowed when the feature "http://apache.org/xml/features/disallow-doctype-decl" set to true.
[Fatal Error] :2:10: DOCTYPE is disallowed when the feature "http://apache.org/xml/features/disallow-doctype-decl" set to true.
[Fatal Error] :2:10: DOCTYPE is disallowed when the feature "http://apache.org/xml/features/disallow-doctype-decl" set to true.
[Fatal Error] :1:31: DOCTYPE is disallowed when the feature "http://apache.org/xml/features/disallow-doctype-decl" set to true.
[Fatal Error] :2:10: DOCTYPE is disallowed when the feature "http://apache.org/xml/features/disallow-doctype-decl" set to true.
[Fatal Error] :2:10: DOCTYPE is disallowed when the feature "http://apache.org/xml/features/disallow-doctype-decl" set to true.
[Fatal Error] :1:31: DOCTYPE is disallowed when the feature "http://apache.org/xml/features/disallow-doctype-decl" set to true.
[Fatal Error] :2:10: DOCTYPE is disallowed when the feature "http://apache.org/xml/features/disallow-doctype-decl" set to true.
[Fatal Error] :2:10: DOCTYPE is disallowed when the feature "http://apache.org/xml/features/disallow-doctype-decl" set to true.
]]></system-err>
</testsuite>
