<?xml version="1.0" encoding="UTF-8"?>
<testsuite name="com.example.feature.reader.ui.preset.ReaderStylePresetUiStateMapperTest" tests="2" skipped="0" failures="0" errors="0" timestamp="2026-07-18T11:58:44.818Z" hostname="LEOSTRANGE" time="0.019">
  <properties/>
  <testcase name="applyReaderStylePreset_replacesTypographyAndKeepsUnrelatedReaderState" classname="com.example.feature.reader.ui.preset.ReaderStylePresetUiStateMapperTest" time="0.009"/>
  <testcase name="toReaderStylePresetSnapshot_normalizesDisplayNameAndCapturesTypography" classname="com.example.feature.reader.ui.preset.ReaderStylePresetUiStateMapperTest" time="0.006"/>
  <system-out><![CDATA[]]></system-out>
  <system-err><![CDATA[]]></system-err>
</testsuite>
