<?xml version="1.0" encoding="UTF-8"?>
<testsuite name="com.example.feature.reader.ui.DeferredPageCountPolicyTest" tests="9" skipped="0" failures="0" errors="0" timestamp="2026-07-18T11:58:43.489Z" hostname="LEOSTRANGE" time="0.188">
  <properties/>
  <testcase name="successfulCountResolvesToAuthoritativePageTotal" classname="com.example.feature.reader.ui.DeferredPageCountPolicyTest" time="0.007"/>
  <testcase name="failedCountRequestsRetryInsteadOfSilentlyKeepingProvisionalTotal" classname="com.example.feature.reader.ui.DeferredPageCountPolicyTest" time="0.003"/>
  <testcase name="cancellationDuringRetryDelayIsNotSwallowed" classname="com.example.feature.reader.ui.DeferredPageCountPolicyTest" time="0.156"/>
  <testcase name="retriesFailedCountThenReturnsAuthoritativeTotal" classname="com.example.feature.reader.ui.DeferredPageCountPolicyTest" time="0.011"/>
  <testcase name="appliesNewAuthoritativeTotalForCurrentProvisionalReader" classname="com.example.feature.reader.ui.DeferredPageCountPolicyTest" time="0.001"/>
  <testcase name="doesNotOverwriteTotalAlreadyResolvedByAnotherCount" classname="com.example.feature.reader.ui.DeferredPageCountPolicyTest" time="0.001"/>
  <testcase name="doesNotApplyCountWhenAnotherBookOrRequestBecameCurrent" classname="com.example.feature.reader.ui.DeferredPageCountPolicyTest" time="0.0"/>
  <testcase name="stopsAfterConfiguredRetriesAndKeepsFailureForDiagnostics" classname="com.example.feature.reader.ui.DeferredPageCountPolicyTest" time="0.007"/>
  <testcase name="nonPositiveCountRequestsRetryInsteadOfPublishingInvalidTotal" classname="com.example.feature.reader.ui.DeferredPageCountPolicyTest" time="0.001"/>
  <system-out><![CDATA[]]></system-out>
  <system-err><![CDATA[]]></system-err>
</testsuite>
