<?xml version="1.0" encoding="UTF-8"?>
<testsuite name="com.example.feature.reader.ui.InjectBodyInsetCssTest" tests="9" skipped="0" failures="0" errors="0" timestamp="2026-07-19T04:03:48.705Z" hostname="LEOSTRANGE" time="0.078">
  <properties/>
  <testcase name="injectsMaxWidth" classname="com.example.feature.reader.ui.InjectBodyInsetCssTest" time="0.067"/>
  <testcase name="noHorizontalPaddingWhenZero" classname="com.example.feature.reader.ui.InjectBodyInsetCssTest" time="0.0"/>
  <testcase name="injectsTopAndBottomPadding" classname="com.example.feature.reader.ui.InjectBodyInsetCssTest" time="0.001"/>
  <testcase name="handlesMissingHeadTag" classname="com.example.feature.reader.ui.InjectBodyInsetCssTest" time="0.0"/>
  <testcase name="noMaxWidthWhenZero" classname="com.example.feature.reader.ui.InjectBodyInsetCssTest" time="0.0"/>
  <testcase name="injectsHorizontalPadding" classname="com.example.feature.reader.ui.InjectBodyInsetCssTest" time="0.005"/>
  <testcase name="handlesUpperCaseHead" classname="com.example.feature.reader.ui.InjectBodyInsetCssTest" time="0.001"/>
  <testcase name="injectsBeforeHeadClose" classname="com.example.feature.reader.ui.InjectBodyInsetCssTest" time="0.0"/>
  <testcase name="combinesAllInsetTypes" classname="com.example.feature.reader.ui.InjectBodyInsetCssTest" time="0.001"/>
  <system-out><![CDATA[]]></system-out>
  <system-err><![CDATA[]]></system-err>
</testsuite>
