<?xml version="1.0" encoding="UTF-8"?>
<testsuite name="com.example.feature.reader.ui.ReaderTextLayoutFingerprintTest" tests="2" skipped="0" failures="0" errors="0" timestamp="2026-07-19T04:03:49.352Z" hostname="LEOSTRANGE" time="0.005">
  <properties/>
  <testcase name="signatureIsStableForSameLayout" classname="com.example.feature.reader.ui.ReaderTextLayoutFingerprintTest" time="0.001"/>
  <testcase name="signatureChangesForEveryPaginationInput" classname="com.example.feature.reader.ui.ReaderTextLayoutFingerprintTest" time="0.003"/>
  <system-out><![CDATA[]]></system-out>
  <system-err><![CDATA[]]></system-err>
</testsuite>
