<?xml version="1.0" encoding="UTF-8"?>
<testsuite name="com.example.feature.reader.ui.TextWebtoonDocumentBuilderTest" tests="8" skipped="0" failures="0" errors="0" timestamp="2026-07-19T04:03:49.514Z" hostname="LEOSTRANGE" time="0.04">
  <properties/>
  <testcase name="usesFirstPageAssetBasePath" classname="com.example.feature.reader.ui.TextWebtoonDocumentBuilderTest" time="0.026"/>
  <testcase name="consistentHeadAcrossBatches" classname="com.example.feature.reader.ui.TextWebtoonDocumentBuilderTest" time="0.004"/>
  <testcase name="sectionCssPreventsGaps" classname="com.example.feature.reader.ui.TextWebtoonDocumentBuilderTest" time="0.002"/>
  <testcase name="sectionsHaveCorrectIndices" classname="com.example.feature.reader.ui.TextWebtoonDocumentBuilderTest" time="0.001"/>
  <testcase name="preservesOriginalCssFromFirstPage" classname="com.example.feature.reader.ui.TextWebtoonDocumentBuilderTest" time="0.001"/>
  <testcase name="addsSpacingBetweenAdjacentSections" classname="com.example.feature.reader.ui.TextWebtoonDocumentBuilderTest" time="0.002"/>
  <testcase name="buildsValidHtmlDocument" classname="com.example.feature.reader.ui.TextWebtoonDocumentBuilderTest" time="0.002"/>
  <testcase name="handlesEmptyStyleBlocks" classname="com.example.feature.reader.ui.TextWebtoonDocumentBuilderTest" time="0.001"/>
  <system-out><![CDATA[]]></system-out>
  <system-err><![CDATA[]]></system-err>
</testsuite>
