<?xml version="1.0" encoding="UTF-8"?>
<testsuite name="com.example.feature.reader.ui.EpubProgressCalculatorTest" tests="3" skipped="0" failures="0" errors="0" timestamp="2026-07-19T04:03:48.657Z" hostname="LEOSTRANGE" time="0.016">
  <properties/>
  <testcase name="accumulateEstimatesUnmeasuredSectionsBeforeCurrentSection" classname="com.example.feature.reader.ui.EpubProgressCalculatorTest" time="0.012"/>
  <testcase name="estimatedTotalPages_preservesFractionalEstimateForUnvisitedSections" classname="com.example.feature.reader.ui.EpubProgressCalculatorTest" time="0.002"/>
  <testcase name="accumulateUsesMeasuredCountsWhenAvailable" classname="com.example.feature.reader.ui.EpubProgressCalculatorTest" time="0.0"/>
  <system-out><![CDATA[]]></system-out>
  <system-err><![CDATA[]]></system-err>
</testsuite>
