<?xml version="1.0" encoding="UTF-8"?>
<testsuite name="com.example.feature.reader.ui.FootnotePatternTest" tests="8" skipped="0" failures="0" errors="0" timestamp="2026-07-19T13:56:49.471Z" hostname="LEOSTRANGE" time="0.01">
  <properties/>
  <testcase name="footnoteIdMatchesLegacyPatterns" classname="com.example.feature.reader.ui.FootnotePatternTest" time="0.004"/>
  <testcase name="footnoteMarkerMatchesNewPatterns" classname="com.example.feature.reader.ui.FootnotePatternTest" time="0.001"/>
  <testcase name="footnoteMarkerIsCaseInsensitive" classname="com.example.feature.reader.ui.FootnotePatternTest" time="0.0"/>
  <testcase name="footnoteIdRequiresDigitSuffix" classname="com.example.feature.reader.ui.FootnotePatternTest" time="0.001"/>
  <testcase name="epubFootnoteParserNoteIdReMatchesNewPatterns" classname="com.example.feature.reader.ui.FootnotePatternTest" time="0.001"/>
  <testcase name="footnoteIdMatchesNewPatterns" classname="com.example.feature.reader.ui.FootnotePatternTest" time="0.001"/>
  <testcase name="footnoteIdRejectsNonFootnotePatterns" classname="com.example.feature.reader.ui.FootnotePatternTest" time="0.0"/>
  <testcase name="footnoteMarkerMatchesLegacyPatterns" classname="com.example.feature.reader.ui.FootnotePatternTest" time="0.001"/>
  <system-out><![CDATA[]]></system-out>
  <system-err><![CDATA[]]></system-err>
</testsuite>
