<?xml version="1.0" encoding="UTF-8"?>
<testsuite name="com.example.feature.reader.ui.InjectBodyInsetCssTest" tests="9" skipped="0" failures="0" errors="0" timestamp="2026-07-18T11:06:01.128Z" hostname="LEOSTRANGE" time="0.065">
  <properties/>
  <testcase name="injectsMaxWidth" classname="com.example.feature.reader.ui.InjectBodyInsetCssTest" time="0.056"/>
  <testcase name="noHorizontalPaddingWhenZero" classname="com.example.feature.reader.ui.InjectBodyInsetCssTest" time="0.001"/>
  <testcase name="injectsTopAndBottomPadding" classname="com.example.feature.reader.ui.InjectBodyInsetCssTest" time="0.0"/>
  <testcase name="handlesMissingHeadTag" classname="com.example.feature.reader.ui.InjectBodyInsetCssTest" time="0.0"/>
  <testcase name="noMaxWidthWhenZero" classname="com.example.feature.reader.ui.InjectBodyInsetCssTest" time="0.001"/>
  <testcase name="injectsHorizontalPadding" classname="com.example.feature.reader.ui.InjectBodyInsetCssTest" time="0.004"/>
  <testcase name="handlesUpperCaseHead" classname="com.example.feature.reader.ui.InjectBodyInsetCssTest" time="0.001"/>
  <testcase name="injectsBeforeHeadClose" classname="com.example.feature.reader.ui.InjectBodyInsetCssTest" time="0.0"/>
  <testcase name="combinesAllInsetTypes" classname="com.example.feature.reader.ui.InjectBodyInsetCssTest" time="0.0"/>
  <system-out><![CDATA[]]></system-out>
  <system-err><![CDATA[]]></system-err>
</testsuite>
