<?xml version="1.0" encoding="UTF-8"?>
<testsuite name="com.example.feature.reader.ui.gesture.ReaderHtmlHelpersTest" tests="10" skipped="0" failures="0" errors="0" timestamp="2026-07-20T02:04:21.607Z" hostname="LEOSTRANGE" time="0.005">
  <properties/>
  <testcase name="decodePagedLayoutMetrics_defaultsWhenFieldsMissing" classname="com.example.feature.reader.ui.gesture.ReaderHtmlHelpersTest" time="0.001"/>
  <testcase name="injectBodyInsetCss_withHorizontalPadding" classname="com.example.feature.reader.ui.gesture.ReaderHtmlHelpersTest" time="0.0"/>
  <testcase name="decodePagedLayoutMetrics_invalidJsonReturnsNull" classname="com.example.feature.reader.ui.gesture.ReaderHtmlHelpersTest" time="0.0"/>
  <testcase name="decodePagedLayoutMetrics_clampsNegativeValues" classname="com.example.feature.reader.ui.gesture.ReaderHtmlHelpersTest" time="0.001"/>
  <testcase name="injectBodyInsetCss_withRtl" classname="com.example.feature.reader.ui.gesture.ReaderHtmlHelpersTest" time="0.001"/>
  <testcase name="injectBodyInsetCss_insertsBeforeHeadClose" classname="com.example.feature.reader.ui.gesture.ReaderHtmlHelpersTest" time="0.0"/>
  <testcase name="decodePagedLayoutMetrics_nullReturnsNull" classname="com.example.feature.reader.ui.gesture.ReaderHtmlHelpersTest" time="0.0"/>
  <testcase name="decodePagedLayoutMetrics_validJson" classname="com.example.feature.reader.ui.gesture.ReaderHtmlHelpersTest" time="0.001"/>
  <testcase name="injectBodyInsetCss_noHeadTag_prependsStyle" classname="com.example.feature.reader.ui.gesture.ReaderHtmlHelpersTest" time="0.0"/>
  <testcase name="injectBodyInsetCss_uppercaseHeadTag" classname="com.example.feature.reader.ui.gesture.ReaderHtmlHelpersTest" time="0.0"/>
  <system-out><![CDATA[]]></system-out>
  <system-err><![CDATA[]]></system-err>
</testsuite>
