<?xml version="1.0" encoding="UTF-8"?>
<testsuite name="com.example.feature.reader.ui.ReaderContentPolicyTest" tests="15" skipped="0" failures="0" errors="0" timestamp="2026-07-20T02:04:21.050Z" hostname="LEOSTRANGE" time="0.029">
  <properties/>
  <testcase name="allTextFormatsUseWebViewJsPagination" classname="com.example.feature.reader.ui.ReaderContentPolicyTest" time="0.003"/>
  <testcase name="textFormatsInPageModesResolveToTextPage" classname="com.example.feature.reader.ui.ReaderContentPolicyTest" time="0.007"/>
  <testcase name="unknownFormatWithoutHtmlFlagUsesRasterPage" classname="com.example.feature.reader.ui.ReaderContentPolicyTest" time="0.001"/>
  <testcase name="inlineHtmlChapterLinksBlockedInEpubPageMode" classname="com.example.feature.reader.ui.ReaderContentPolicyTest" time="0.01"/>
  <testcase name="readerAssetSpineNavigationBlockedInPagedMode" classname="com.example.feature.reader.ui.ReaderContentPolicyTest" time="0.001"/>
  <testcase name="reflowableEpubDefersReaderPageCountUntilAfterFirstPage" classname="com.example.feature.reader.ui.ReaderContentPolicyTest" time="0.0"/>
  <testcase name="heavyTextFormatsDeferReaderPageCount" classname="com.example.feature.reader.ui.ReaderContentPolicyTest" time="0.001"/>
  <testcase name="graphicFormatsNeverRouteToTextEvenWithHtmlFlag" classname="com.example.feature.reader.ui.ReaderContentPolicyTest" time="0.0"/>
  <testcase name="djvuDiagnosticHtmlStillRoutesToRasterContainers" classname="com.example.feature.reader.ui.ReaderContentPolicyTest" time="0.001"/>
  <testcase name="archiveWithTextContentRoutesToText" classname="com.example.feature.reader.ui.ReaderContentPolicyTest" time="0.002"/>
  <testcase name="archiveWithImageContentRoutesToRaster" classname="com.example.feature.reader.ui.ReaderContentPolicyTest" time="0.001"/>
  <testcase name="rasterFormatsInWebtoonResolveToRasterWebtoon" classname="com.example.feature.reader.ui.ReaderContentPolicyTest" time="0.0"/>
  <testcase name="textInZipUsesHtmlFlagEvenWhenStoredFormatIsArchive" classname="com.example.feature.reader.ui.ReaderContentPolicyTest" time="0.001"/>
  <testcase name="rasterFormatsInPageModesResolveToRasterPage" classname="com.example.feature.reader.ui.ReaderContentPolicyTest" time="0.0"/>
  <testcase name="textFormatsInWebtoonResolveToTextWebtoon" classname="com.example.feature.reader.ui.ReaderContentPolicyTest" time="0.0"/>
  <system-out><![CDATA[]]></system-out>
  <system-err><![CDATA[]]></system-err>
</testsuite>
