<?xml version="1.0" encoding="UTF-8"?>
<testsuite name="com.example.feature.library.AudiobookCoverResolverTest" tests="22" skipped="1" failures="0" errors="0" timestamp="2026-07-20T02:03:41.825Z" hostname="LEOSTRANGE" time="0.24">
  <properties/>
  <testcase name="standaloneAudiobookIncludesSiblingAndFolderSidecarCandidates" classname="com.example.feature.library.AudiobookCoverResolverTest" time="0.101"/>
  <testcase name="contentUriResolvesAsUriSource" classname="com.example.feature.library.AudiobookCoverResolverTest" time="0.001"/>
  <testcase name="metadataExtractorReturnsArtworkFromFirstSupportedEntry" classname="com.example.feature.library.AudiobookCoverResolverTest" time="0.013"/>
  <testcase name="folderAudiobookUsesAllChapterUrisAsCoverCandidates" classname="com.example.feature.library.AudiobookCoverResolverTest" time="0.008"/>
  <testcase name="multiChapterStandaloneAudiobookKeepsTempFallbackDisabled" classname="com.example.feature.library.AudiobookCoverResolverTest" time="0.001"/>
  <testcase name="realJdRasskazyMp3EmbeddedArtworkIsReadableByFallback" classname="com.example.feature.library.AudiobookCoverResolverTest" time="0.024">
    <skipped message="org.junit.AssumptionViolatedException: Sample MP3 is not available in this checkout" type="org.junit.AssumptionViolatedException">org.junit.AssumptionViolatedException: Sample MP3 is not available in this checkout
	at org.junit.Assume.assumeTrue(Assume.java:68)
	at com.example.feature.library.AudiobookCoverResolverTest.realJdRasskazyMp3EmbeddedArtworkIsReadableByFallback(AudiobookCoverResolverTest.kt:301)
	at java.base/jdk.internal.reflect.DirectMethodHandleAccessor.invoke(Unknown Source)
	at java.base/java.lang.reflect.Method.invoke(Unknown Source)
	at org.junit.runners.model.FrameworkMethod$1.runReflectiveCall(FrameworkMethod.java:59)
	at org.junit.internal.runners.model.ReflectiveCallable.run(ReflectiveCallable.java:12)
	at org.junit.runners.model.FrameworkMethod.invokeExplosively(FrameworkMethod.java:56)
	at org.junit.internal.runners.statements.InvokeMethod.evaluate(InvokeMethod.java:17)
	at org.junit.runners.ParentRunner$3.evaluate(ParentRunner.java:306)
	at org.junit.runners.BlockJUnit4ClassRunner$1.evaluate(BlockJUnit4ClassRunner.java:100)
	at org.junit.runners.ParentRunner.runLeaf(ParentRunner.java:366)
	at org.junit.runners.BlockJUnit4ClassRunner.runChild(BlockJUnit4ClassRunner.java:103)
	at org.junit.runners.BlockJUnit4ClassRunner.runChild(BlockJUnit4ClassRunner.java:63)
	at org.junit.runners.ParentRunner$4.run(ParentRunner.java:331)
	at org.junit.runners.ParentRunner$1.schedule(ParentRunner.java:79)
	at org.junit.runners.ParentRunner.runChildren(ParentRunner.java:329)
	at org.junit.runners.ParentRunner.access$100(ParentRunner.java:66)
	at org.junit.runners.ParentRunner$2.evaluate(ParentRunner.java:293)
	at org.junit.runners.ParentRunner$3.evaluate(ParentRunner.java:306)
	at org.junit.runners.ParentRunner.run(ParentRunner.java:413)
	at org.junit.runner.JUnitCore.run(JUnitCore.java:137)
	at org.junit.runner.JUnitCore.run(JUnitCore.java:115)
	at org.gradle.api.internal.tasks.testing.junit.JUnitTestExecutor.runRequest(JUnitTestExecutor.java:175)
	at org.gradle.api.internal.tasks.testing.junit.JUnitTestExecutor.accept(JUnitTestExecutor.java:84)
	at org.gradle.api.internal.tasks.testing.junit.JUnitTestExecutor.accept(JUnitTestExecutor.java:47)
	at org.gradle.api.internal.tasks.testing.junit.AbstractJUnitTestDefinitionProcessor.processTestDefinition(AbstractJUnitTestDefinitionProcessor.java:65)
	at org.gradle.api.internal.tasks.testing.SuiteTestDefinitionProcessor.processTestDefinition(SuiteTestDefinitionProcessor.java:53)
	at java.base/jdk.internal.reflect.DirectMethodHandleAccessor.invoke(Unknown Source)
	at java.base/java.lang.reflect.Method.invoke(Unknown Source)
	at org.gradle.internal.dispatch.MethodInvocation.invokeOn(MethodInvocation.java:77)
	at org.gradle.internal.dispatch.ReflectionDispatch.dispatch(ReflectionDispatch.java:28)
	at org.gradle.internal.dispatch.ReflectionDispatch.dispatch(ReflectionDispatch.java:19)
	at org.gradle.internal.dispatch.ContextClassLoaderDispatch.dispatch(ContextClassLoaderDispatch.java:33)
	at org.gradle.internal.dispatch.ProxyDispatchAdapter$DispatchingInvocationHandler.invoke(ProxyDispatchAdapter.java:88)
	at jdk.proxy1/jdk.proxy1.$Proxy4.processTestDefinition(Unknown Source)
	at org.gradle.api.internal.tasks.testing.worker.TestWorker$2.run(TestWorker.java:178)
	at org.gradle.api.internal.tasks.testing.worker.TestWorker.executeAndMaintainThreadName(TestWorker.java:126)
	at org.gradle.api.internal.tasks.testing.worker.TestWorker.execute(TestWorker.java:103)
	at org.gradle.api.internal.tasks.testing.worker.TestWorker.execute(TestWorker.java:63)
	at org.gradle.process.internal.worker.child.ActionExecutionWorker.execute(ActionExecutionWorker.java:56)
	at org.gradle.process.internal.worker.child.SystemApplicationClassLoaderWorker.call(SystemApplicationClassLoaderWorker.java:122)
	at org.gradle.process.internal.worker.child.SystemApplicationClassLoaderWorker.call(SystemApplicationClassLoaderWorker.java:72)
	at worker.org.gradle.process.internal.worker.GradleWorkerMain.run(GradleWorkerMain.java:69)
	at worker.org.gradle.process.internal.worker.GradleWorkerMain.main(GradleWorkerMain.java:74)
</skipped>
  </testcase>
  <testcase name="metadataExtractorReturnsFlacPictureBytes" classname="com.example.feature.library.AudiobookCoverResolverTest" time="0.004"/>
  <testcase name="usableCoverValueRejectsMissingFilePaths" classname="com.example.feature.library.AudiobookCoverResolverTest" time="0.004"/>
  <testcase name="plainFilePathResolvesAsFilePathSource" classname="com.example.feature.library.AudiobookCoverResolverTest" time="0.0"/>
  <testcase name="id3FallbackExtractorAcceptsWebpApicArtworkBytes" classname="com.example.feature.library.AudiobookCoverResolverTest" time="0.033"/>
  <testcase name="metadataExtractorReturnsApicFrameBytes" classname="com.example.feature.library.AudiobookCoverResolverTest" time="0.001"/>
  <testcase name="singleContentUriAudiobookAllowsTempFileFallbackForEmbeddedArtExtraction" classname="com.example.feature.library.AudiobookCoverResolverTest" time="0.001"/>
  <testcase name="windowsDrivePathResolvesAsFilePathSource" classname="com.example.feature.library.AudiobookCoverResolverTest" time="0.001"/>
  <testcase name="metadataExtractorReturnsNullWhenArtworkMissing" classname="com.example.feature.library.AudiobookCoverResolverTest" time="0.0"/>
  <testcase name="folderAudiobookSamplesMoreChaptersForEmbeddedCovers" classname="com.example.feature.library.AudiobookCoverResolverTest" time="0.019"/>
  <testcase name="standaloneAudiobookKeepsEmbeddedCoverSourceAheadOfFolderHeuristics" classname="com.example.feature.library.AudiobookCoverResolverTest" time="0.001"/>
  <testcase name="fileUriResolvesToUnderlyingFilePath" classname="com.example.feature.library.AudiobookCoverResolverTest" time="0.0"/>
  <testcase name="usableCoverValueAcceptsExistingFilePaths" classname="com.example.feature.library.AudiobookCoverResolverTest" time="0.001"/>
  <testcase name="id3FallbackExtractorReturnsApicArtworkBytes" classname="com.example.feature.library.AudiobookCoverResolverTest" time="0.001"/>
  <testcase name="folderAudiobooksAllowTempFileFallbackForEmbeddedArtExtraction" classname="com.example.feature.library.AudiobookCoverResolverTest" time="0.001"/>
  <testcase name="folderAudiobookGeneratesFolderSidecarCoverCandidates" classname="com.example.feature.library.AudiobookCoverResolverTest" time="0.002"/>
  <testcase name="standaloneAudiobookPrefersPrimarySourceBeforeChapterUri" classname="com.example.feature.library.AudiobookCoverResolverTest" time="0.001"/>
  <system-out><![CDATA[]]></system-out>
  <system-err><![CDATA[]]></system-err>
</testsuite>
