<?xml version="1.0" encoding="UTF-8"?>
<testsuite name="com.example.feature.library.LibraryQuestFeedbackPolicyTest" tests="16" skipped="0" failures="0" errors="0" timestamp="2026-07-20T02:03:42.255Z" hostname="LEOSTRANGE" time="0.019">
  <properties/>
  <testcase name="mrComicShowReadingCalendarCard_staysVisibleForCalmGoalState" classname="com.example.feature.library.LibraryQuestFeedbackPolicyTest" time="0.003"/>
  <testcase name="shouldTrackMascotStageUp_onlyTracksForwardMovement" classname="com.example.feature.library.LibraryQuestFeedbackPolicyTest" time="0.003"/>
  <testcase name="mrComicShowReadingCalendarCard_hidesForTransientTopStateAndSearch" classname="com.example.feature.library.LibraryQuestFeedbackPolicyTest" time="0.001"/>
  <testcase name="buildQuestTransitionAnalyticsEvents_reportsCompletionAndSwitch" classname="com.example.feature.library.LibraryQuestFeedbackPolicyTest" time="0.003"/>
  <testcase name="mrComicQuestFeedbackAction_hidesActionWhileSearchIsActive" classname="com.example.feature.library.LibraryQuestFeedbackPolicyTest" time="0.0"/>
  <testcase name="mrComicQuestFeedbackAction_keepsSeriesActionWhenSearchIsInactive" classname="com.example.feature.library.LibraryQuestFeedbackPolicyTest" time="0.001"/>
  <testcase name="mrComicUseCompactSupportCards_turnsOnForAnyTransientTopState" classname="com.example.feature.library.LibraryQuestFeedbackPolicyTest" time="0.001"/>
  <testcase name="mrComicQuestFeedbackAction_keepsFilesActionWhenSearchIsInactive" classname="com.example.feature.library.LibraryQuestFeedbackPolicyTest" time="0.001"/>
  <testcase name="mrComicUseCompactSupportCards_staysOffForCalmHubState" classname="com.example.feature.library.LibraryQuestFeedbackPolicyTest" time="0.0"/>
  <testcase name="buildQuestTransitionAnalyticsEvents_skipsSwitchWhenQuestDoesNotChange" classname="com.example.feature.library.LibraryQuestFeedbackPolicyTest" time="0.0"/>
  <testcase name="mrComicShowQuestFeedback_defersFeedbackWhileSearchIsActive" classname="com.example.feature.library.LibraryQuestFeedbackPolicyTest" time="0.001"/>
  <testcase name="mrComicUseCompactStagePreview_staysOffWithoutSearchOrFeedback" classname="com.example.feature.library.LibraryQuestFeedbackPolicyTest" time="0.0"/>
  <testcase name="mrComicShowSearchContextCard_onlyShowsWhenSearchIsAlone" classname="com.example.feature.library.LibraryQuestFeedbackPolicyTest" time="0.0"/>
  <testcase name="mrComicQuestFeedbackAction_hidesDuplicateRecentActionWhenRecentCardAlreadyExists" classname="com.example.feature.library.LibraryQuestFeedbackPolicyTest" time="0.0"/>
  <testcase name="mrComicQuestFeedbackAction_hidesActionWhenThereIsNoNextQuest" classname="com.example.feature.library.LibraryQuestFeedbackPolicyTest" time="0.0"/>
  <testcase name="mrComicUseCompactStagePreview_turnsOnOnlyForTripleStack" classname="com.example.feature.library.LibraryQuestFeedbackPolicyTest" time="0.001"/>
  <system-out><![CDATA[]]></system-out>
  <system-err><![CDATA[]]></system-err>
</testsuite>
