<?xml version="1.0" encoding="UTF-8"?>
<testsuite name="com.example.feature.reader.ui.ReaderTextFontCatalogTest" tests="3" skipped="0" failures="0" errors="0" timestamp="2026-07-19T05:33:55.075Z" hostname="LEOSTRANGE" time="0.005">
  <properties/>
  <testcase name="prettifyFontDisplayName_stripsUnsupportedPunctuation" classname="com.example.feature.reader.ui.ReaderTextFontCatalogTest" time="0.004"/>
  <testcase name="readerTypographyExportFileName_sanitizesPresetName" classname="com.example.feature.reader.ui.ReaderTextFontCatalogTest" time="0.0"/>
  <testcase name="prettifyFontDisplayName_replacesSeparatorsAndExtension" classname="com.example.feature.reader.ui.ReaderTextFontCatalogTest" time="0.001"/>
  <system-out><![CDATA[]]></system-out>
  <system-err><![CDATA[]]></system-err>
</testsuite>
