<?xml version="1.0" encoding="UTF-8"?>
<testsuite name="com.example.mrcomic.navigation.ScreenRouteTest" tests="6" skipped="0" failures="0" errors="0" timestamp="2026-07-12T18:59:57.813Z" hostname="LEOSTRANGE" time="0.023">
  <properties/>
  <testcase name="reader uri route keeps encoded uri and page" classname="com.example.mrcomic.navigation.ScreenRouteTest" time="0.012"/>
  <testcase name="reader comic route omits page when page is not provided" classname="com.example.mrcomic.navigation.ScreenRouteTest" time="0.007"/>
  <testcase name="translation route omits query when arguments are absent" classname="com.example.mrcomic.navigation.ScreenRouteTest" time="0.001"/>
  <testcase name="progress profile route stays stable" classname="com.example.mrcomic.navigation.ScreenRouteTest" time="0.002"/>
  <testcase name="translation route includes all provided arguments" classname="com.example.mrcomic.navigation.ScreenRouteTest" time="0.001"/>
  <testcase name="reader comic route includes page when provided" classname="com.example.mrcomic.navigation.ScreenRouteTest" time="0.0"/>
  <system-out><![CDATA[]]></system-out>
  <system-err><![CDATA[]]></system-err>
</testsuite>
