<?xml version="1.0" encoding="UTF-8"?>
<testsuite name="com.example.mrcomic.IncomingOpenFormatPolicyTest" tests="4" skipped="0" failures="0" errors="0" timestamp="2026-07-12T18:59:57.622Z" hostname="LEOSTRANGE" time="0.089">
  <properties/>
  <testcase name="resolveExtension_prefersDisplayNameExtension" classname="com.example.mrcomic.IncomingOpenFormatPolicyTest" time="0.023"/>
  <testcase name="resolveExtension_mapsReaderMimeTypeThroughSharedCatalog" classname="com.example.mrcomic.IncomingOpenFormatPolicyTest" time="0.053"/>
  <testcase name="resolveExtension_handlesMimeTypeParameters" classname="com.example.mrcomic.IncomingOpenFormatPolicyTest" time="0.0"/>
  <testcase name="resolveExtension_doesNotTreatAudioAsReaderFormat" classname="com.example.mrcomic.IncomingOpenFormatPolicyTest" time="0.001"/>
  <system-out><![CDATA[]]></system-out>
  <system-err><![CDATA[]]></system-err>
</testsuite>
