<?xml version="1.0" encoding="UTF-8"?>
<testsuite name="com.example.feature.reader.ui.DeferredPageCountPolicyTest" tests="9" skipped="0" failures="0" errors="0" timestamp="2026-07-19T23:44:27.510Z" hostname="LEOSTRANGE" time="0.129">
  <properties/>
  <testcase name="successfulCountResolvesToAuthoritativePageTotal" classname="com.example.feature.reader.ui.DeferredPageCountPolicyTest" time="0.005"/>
  <testcase name="failedCountRequestsRetryInsteadOfSilentlyKeepingProvisionalTotal" classname="com.example.feature.reader.ui.DeferredPageCountPolicyTest" time="0.002"/>
  <testcase name="cancellationDuringRetryDelayIsNotSwallowed" classname="com.example.feature.reader.ui.DeferredPageCountPolicyTest" time="0.107"/>
  <testcase name="retriesFailedCountThenReturnsAuthoritativeTotal" classname="com.example.feature.reader.ui.DeferredPageCountPolicyTest" time="0.006"/>
  <testcase name="appliesNewAuthoritativeTotalForCurrentProvisionalReader" classname="com.example.feature.reader.ui.DeferredPageCountPolicyTest" time="0.001"/>
  <testcase name="doesNotOverwriteTotalAlreadyResolvedByAnotherCount" classname="com.example.feature.reader.ui.DeferredPageCountPolicyTest" time="0.0"/>
  <testcase name="doesNotApplyCountWhenAnotherBookOrRequestBecameCurrent" classname="com.example.feature.reader.ui.DeferredPageCountPolicyTest" time="0.001"/>
  <testcase name="stopsAfterConfiguredRetriesAndKeepsFailureForDiagnostics" classname="com.example.feature.reader.ui.DeferredPageCountPolicyTest" time="0.005"/>
  <testcase name="nonPositiveCountRequestsRetryInsteadOfPublishingInvalidTotal" classname="com.example.feature.reader.ui.DeferredPageCountPolicyTest" time="0.001"/>
  <system-out><![CDATA[]]></system-out>
  <system-err><![CDATA[]]></system-err>
</testsuite>
