<?xml version="1.0" encoding="UTF-8"?>
<testsuite name="com.example.core.domain.analytics.GamificationMetricsSnapshotTest" tests="3" skipped="0" failures="0" errors="0" timestamp="2026-07-12T19:02:05.951Z" hostname="LEOSTRANGE" time="0.02">
  <properties/>
  <testcase name="resolveGamificationMetricsSnapshot_reportsWarCompletionReturnAndOptOutSignals" classname="com.example.core.domain.analytics.GamificationMetricsSnapshotTest" time="0.018"/>
  <testcase name="resolveMetricsActivityWindow_mergesDuplicateDaysAndKeepsLatestSeven" classname="com.example.core.domain.analytics.GamificationMetricsSnapshotTest" time="0.001"/>
  <testcase name="resolveGamificationNoveltyState_ignoresDisabledAndExpiredSources" classname="com.example.core.domain.analytics.GamificationMetricsSnapshotTest" time="0.001"/>
  <system-out><![CDATA[]]></system-out>
  <system-err><![CDATA[]]></system-err>
</testsuite>
