<?xml version="1.0" encoding="UTF-8"?>
<testsuite name="com.example.core.domain.usecase.SaveReadingProgressUseCaseTest" tests="5" skipped="0" failures="0" errors="0" timestamp="2026-07-12T19:02:12.659Z" hostname="LEOSTRANGE" time="0.094">
  <properties/>
  <testcase name="invoke_returnsError_whenRepositoryThrows" classname="com.example.core.domain.usecase.SaveReadingProgressUseCaseTest" time="0.02"/>
  <testcase name="invoke_returnsSuccess_whenRepositorySucceeds" classname="com.example.core.domain.usecase.SaveReadingProgressUseCaseTest" time="0.016"/>
  <testcase name="invoke_handlesNegativePageIndex" classname="com.example.core.domain.usecase.SaveReadingProgressUseCaseTest" time="0.015"/>
  <testcase name="invoke_handlesZeroPageCount" classname="com.example.core.domain.usecase.SaveReadingProgressUseCaseTest" time="0.02"/>
  <testcase name="invoke_callsRepositoryWithCorrectParameters" classname="com.example.core.domain.usecase.SaveReadingProgressUseCaseTest" time="0.023"/>
  <system-out><![CDATA[]]></system-out>
  <system-err><![CDATA[]]></system-err>
</testsuite>
