<?xml version="1.0" encoding="UTF-8"?>
<testsuite name="com.example.core.domain.usecase.ScanFolderUseCaseTest" tests="4" skipped="0" failures="0" errors="0" timestamp="2026-07-12T19:02:12.758Z" hostname="LEOSTRANGE" time="0.565">
  <properties/>
  <testcase name="invoke_returnsError_whenRepositoryThrows" classname="com.example.core.domain.usecase.ScanFolderUseCaseTest" time="0.145"/>
  <testcase name="invoke_callsRepositoryWithCorrectUri" classname="com.example.core.domain.usecase.ScanFolderUseCaseTest" time="0.147"/>
  <testcase name="invoke_returnsSuccess_whenRepositorySucceeds" classname="com.example.core.domain.usecase.ScanFolderUseCaseTest" time="0.13"/>
  <testcase name="invoke_wrapsCancellationException_inResult" classname="com.example.core.domain.usecase.ScanFolderUseCaseTest" time="0.142"/>
  <system-out><![CDATA[]]></system-out>
  <system-err><![CDATA[]]></system-err>
</testsuite>
