<?xml version="1.0" encoding="UTF-8"?>
<testsuite name="com.example.core.domain.usecase.GetComicPagesUseCaseTest" tests="7" skipped="0" failures="0" errors="0" timestamp="2026-07-12T19:02:12.020Z" hostname="LEOSTRANGE" time="0.63">
  <properties/>
  <testcase name="invoke_returnsSuccess_whenReaderProvidesPages" classname="com.example.core.domain.usecase.GetComicPagesUseCaseTest" time="0.41"/>
  <testcase name="invoke_returnsError_whenFormatNotSupported" classname="com.example.core.domain.usecase.GetComicPagesUseCaseTest" time="0.018"/>
  <testcase name="invoke_closesReaderAfterUse" classname="com.example.core.domain.usecase.GetComicPagesUseCaseTest" time="0.085"/>
  <testcase name="invoke_filtersNullPages" classname="com.example.core.domain.usecase.GetComicPagesUseCaseTest" time="0.048"/>
  <testcase name="invoke_returnsEmptyList_whenZeroPages" classname="com.example.core.domain.usecase.GetComicPagesUseCaseTest" time="0.024"/>
  <testcase name="invoke_returnsError_whenReaderThrows" classname="com.example.core.domain.usecase.GetComicPagesUseCaseTest" time="0.015"/>
  <testcase name="invoke_usesAutoDetect_whenFormatIsUnknown" classname="com.example.core.domain.usecase.GetComicPagesUseCaseTest" time="0.029"/>
  <system-out><![CDATA[]]></system-out>
  <system-err><![CDATA[]]></system-err>
</testsuite>
