<?xml version="1.0" encoding="UTF-8"?>
<testsuite name="com.example.engine.formats.text.pagination.TextIntegrityOracleTest" tests="6" skipped="0" failures="0" errors="0" timestamp="2026-07-18T17:17:26.581Z" hostname="LEOSTRANGE" time="0.565">
  <properties/>
  <testcase name="multiChapterDocument_noLostText" classname="com.example.engine.formats.text.pagination.TextIntegrityOracleTest" time="0.454"/>
  <testcase name="footnoteBodies_detectedByOracle" classname="com.example.engine.formats.text.pagination.TextIntegrityOracleTest" time="0.022"/>
  <testcase name="singleLongChapter_noDuplicates" classname="com.example.engine.formats.text.pagination.TextIntegrityOracleTest" time="0.038"/>
  <testcase name="titleOnlySection_mergedWithNext" classname="com.example.engine.formats.text.pagination.TextIntegrityOracleTest" time="0.017"/>
  <testcase name="sectionBoundaries_noReordering" classname="com.example.engine.formats.text.pagination.TextIntegrityOracleTest" time="0.017"/>
  <testcase name="emptySections_produceAtLeastOnePage" classname="com.example.engine.formats.text.pagination.TextIntegrityOracleTest" time="0.005"/>
  <system-out><![CDATA[]]></system-out>
  <system-err><![CDATA[]]></system-err>
</testsuite>
