<?xml version="1.0" encoding="UTF-8"?>
<testsuite name="com.example.engine.formats.djvu.DjvuSimpleRenderPlanTest" tests="3" skipped="0" failures="0" errors="0" timestamp="2026-07-18T14:09:41.365Z" hostname="LEOSTRANGE" time="0.004">
  <properties/>
  <testcase name="extracts simple BGjp page render plan" classname="com.example.engine.formats.djvu.DjvuSimpleRenderPlanTest" time="0.003"/>
  <testcase name="rejects non jpeg-only pages" classname="com.example.engine.formats.djvu.DjvuSimpleRenderPlanTest" time="0.0"/>
  <testcase name="rejects pages that still need compound compositing" classname="com.example.engine.formats.djvu.DjvuSimpleRenderPlanTest" time="0.001"/>
  <system-out><![CDATA[]]></system-out>
  <system-err><![CDATA[]]></system-err>
</testsuite>
