<?xml version="1.0" encoding="UTF-8"?>
<testsuite name="com.example.engine.formats.epub.FootnoteTypeMatrixTest" tests="19" skipped="0" failures="0" errors="0" timestamp="2026-07-20T03:39:07.795Z" hostname="LEOSTRANGE" time="0.065">
  <properties/>
  <testcase name="emptyFootnote_noCrash" classname="com.example.engine.formats.epub.FootnoteTypeMatrixTest" time="0.004"/>
  <testcase name="epub3_docFootnoteRoleRecognized" classname="com.example.engine.formats.epub.FootnoteTypeMatrixTest" time="0.006"/>
  <testcase name="nonFootnoteLink_notTreatedAsFootnote" classname="com.example.engine.formats.epub.FootnoteTypeMatrixTest" time="0.004"/>
  <testcase name="missingTarget_noCrash" classname="com.example.engine.formats.epub.FootnoteTypeMatrixTest" time="0.003"/>
  <testcase name="fb2_fbaAutIdRecognized" classname="com.example.engine.formats.epub.FootnoteTypeMatrixTest" time="0.003"/>
  <testcase name="tocEntry_normalChapterIsNotFootnote" classname="com.example.engine.formats.epub.FootnoteTypeMatrixTest" time="0.001"/>
  <testcase name="epub2_spanBasedNotesExtracted" classname="com.example.engine.formats.epub.FootnoteTypeMatrixTest" time="0.005"/>
  <testcase name="urlEncodedFragment_decoded" classname="com.example.engine.formats.epub.FootnoteTypeMatrixTest" time="0.0"/>
  <testcase name="footnoteWithFormatting" classname="com.example.engine.formats.epub.FootnoteTypeMatrixTest" time="0.005"/>
  <testcase name="footnoteWithMultipleParagraphs" classname="com.example.engine.formats.epub.FootnoteTypeMatrixTest" time="0.005"/>
  <testcase name="tocEntry_fbautidIsFootnote" classname="com.example.engine.formats.epub.FootnoteTypeMatrixTest" time="0.0"/>
  <testcase name="duplicateIds_noCrash" classname="com.example.engine.formats.epub.FootnoteTypeMatrixTest" time="0.005"/>
  <testcase name="cyrillicFragment_handled" classname="com.example.engine.formats.epub.FootnoteTypeMatrixTest" time="0.001"/>
  <testcase name="tocEntry_notesSectionIsFootnote" classname="com.example.engine.formats.epub.FootnoteTypeMatrixTest" time="0.0"/>
  <testcase name="footnoteInSeparateFile_candidatesIncludeFile" classname="com.example.engine.formats.epub.FootnoteTypeMatrixTest" time="0.001"/>
  <testcase name="epub3_docEndnoteRoleRecognized" classname="com.example.engine.formats.epub.FootnoteTypeMatrixTest" time="0.006"/>
  <testcase name="fb2_fbanchorSchemeRecognized" classname="com.example.engine.formats.epub.FootnoteTypeMatrixTest" time="0.001"/>
  <testcase name="epub2_fbaAutIdNotesExtracted" classname="com.example.engine.formats.epub.FootnoteTypeMatrixTest" time="0.004"/>
  <testcase name="footnoteInSameFile_bodyExtracted" classname="com.example.engine.formats.epub.FootnoteTypeMatrixTest" time="0.008"/>
  <system-out><![CDATA[]]></system-out>
  <system-err><![CDATA[]]></system-err>
</testsuite>
