<?xml version="1.0" encoding="UTF-8"?>
<testsuite name="com.example.engine.formats.text.pagination.TextIntegrityOracleTest" tests="7" skipped="0" failures="0" errors="0" timestamp="2026-07-20T03:39:15.467Z" hostname="LEOSTRANGE" time="0.041">
  <properties/>
  <testcase name="debug_layoutUnit50" classname="com.example.engine.formats.text.pagination.TextIntegrityOracleTest" time="0.009"/>
  <testcase name="multiChapterDocument_noLostText" classname="com.example.engine.formats.text.pagination.TextIntegrityOracleTest" time="0.009"/>
  <testcase name="footnoteBodies_detectedByOracle" classname="com.example.engine.formats.text.pagination.TextIntegrityOracleTest" time="0.004"/>
  <testcase name="singleLongChapter_noDuplicates" classname="com.example.engine.formats.text.pagination.TextIntegrityOracleTest" time="0.004"/>
  <testcase name="titleOnlySection_mergedWithNext" classname="com.example.engine.formats.text.pagination.TextIntegrityOracleTest" time="0.004"/>
  <testcase name="sectionBoundaries_noReordering" classname="com.example.engine.formats.text.pagination.TextIntegrityOracleTest" time="0.009"/>
  <testcase name="emptySections_produceAtLeastOnePage" classname="com.example.engine.formats.text.pagination.TextIntegrityOracleTest" time="0.002"/>
  <system-out><![CDATA[=== LAYOUT50 PAGES: 3 ===
Page0: [1, 2, 3, 4, 5, 6, 7, 8, 9, 10, 11, 12, 13, 14, 15, 16, 17, 18, 19, 20, 21] len=784
Page1: [2, 3, 4, 22, 23, 24, 25, 26, 27, 28, 29, 30, 31, 32, 33, 34, 35, 36, 37, 38, 39, 40, 41, 42] len=802
Page2: [4, 5, 43, 44, 45, 46, 47, 48, 49, 50] len=347
]]></system-out>
  <system-err><![CDATA[]]></system-err>
</testsuite>
