<?xml version="1.0" encoding="UTF-8"?>
<testsuite name="com.example.engine.formats.djvu.DjvuTextLayerTest" tests="3" skipped="0" failures="0" errors="0" timestamp="2026-07-19T23:44:35.077Z" hostname="LEOSTRANGE" time="0.005">
  <properties/>
  <testcase name="extracts TXTa text layer" classname="com.example.engine.formats.djvu.DjvuTextLayerTest" time="0.002"/>
  <testcase name="detects compressed TXTz text layer" classname="com.example.engine.formats.djvu.DjvuTextLayerTest" time="0.001"/>
  <testcase name="rejects malformed TXTa payload" classname="com.example.engine.formats.djvu.DjvuTextLayerTest" time="0.002"/>
  <system-out><![CDATA[]]></system-out>
  <system-err><![CDATA[]]></system-err>
</testsuite>
