<?xml version="1.0" encoding="UTF-8"?>
<testsuite name="com.example.feature.reader.ui.ReaderTranslationAvailabilityPolicyTest" tests="3" skipped="0" failures="0" errors="0" timestamp="2026-07-18T15:06:23.723Z" hostname="LEOSTRANGE" time="0.002">
  <properties/>
  <testcase name="short phrase stays unavailable when only network exists but online route is not configured" classname="com.example.feature.reader.ui.ReaderTranslationAvailabilityPolicyTest" time="0.001"/>
  <testcase name="short phrase is available when offline model exists" classname="com.example.feature.reader.ui.ReaderTranslationAvailabilityPolicyTest" time="0.0"/>
  <testcase name="short phrase is available when online route is configured and network exists" classname="com.example.feature.reader.ui.ReaderTranslationAvailabilityPolicyTest" time="0.001"/>
  <system-out><![CDATA[]]></system-out>
  <system-err><![CDATA[]]></system-err>
</testsuite>
