<?xml version="1.0" encoding="UTF-8"?>
<testsuite name="com.example.feature.library.MrComicProfileConsistencyTest" tests="6" skipped="0" failures="0" errors="0" timestamp="2026-07-20T02:03:42.306Z" hostname="LEOSTRANGE" time="0.021">
  <properties/>
  <testcase name="resolveMrComicAchievementSummary_ignoresLockedSecretAsPublicNextTarget" classname="com.example.feature.library.MrComicProfileConsistencyTest" time="0.014"/>
  <testcase name="resolveMrComicAchievementSummary_fallsBackWhenRememberedTargetIsGone" classname="com.example.feature.library.MrComicProfileConsistencyTest" time="0.001"/>
  <testcase name="resolveMrComicAchievementSummary_doesNotPromoteLockedSecretFromRememberedId" classname="com.example.feature.library.MrComicProfileConsistencyTest" time="0.001"/>
  <testcase name="resolveMrComicAchievementSummary_fallsBackFromUnknownRememberedId" classname="com.example.feature.library.MrComicProfileConsistencyTest" time="0.001"/>
  <testcase name="resolveMrComicAchievementSummary_keepsRememberedPendingTargetWhenStillValid" classname="com.example.feature.library.MrComicProfileConsistencyTest" time="0.001"/>
  <testcase name="resolveMrComicAchievementSummary_includesSecretOnceItIsUnlocked" classname="com.example.feature.library.MrComicProfileConsistencyTest" time="0.001"/>
  <system-out><![CDATA[]]></system-out>
  <system-err><![CDATA[]]></system-err>
</testsuite>
