<?xml version="1.0" encoding="UTF-8"?>
<testsuite name="com.example.feature.library.components.ComicGridItemPolicyTest" tests="2" skipped="0" failures="0" errors="0" timestamp="2026-07-20T02:03:42.452Z" hostname="LEOSTRANGE" time="0.009">
  <properties/>
  <testcase name="hidesProgressLineForNewItemsEvenWithStaleProgress" classname="com.example.feature.library.components.ComicGridItemPolicyTest" time="0.006"/>
  <testcase name="showsProgressLineForReadingAndCompletedItemsWithProgress" classname="com.example.feature.library.components.ComicGridItemPolicyTest" time="0.003"/>
  <system-out><![CDATA[]]></system-out>
  <system-err><![CDATA[]]></system-err>
</testsuite>
