<?xml version="1.0" encoding="UTF-8"?>
<testsuite name="com.example.feature.library.LibraryQuestPriorityPolicyTest" tests="4" skipped="0" failures="0" errors="0" timestamp="2026-07-20T02:03:42.280Z" hostname="LEOSTRANGE" time="0.002">
  <properties/>
  <testcase name="mrComicQuestPriorityReason_prefersLiveRouteWhileDailyGoalIsOpen" classname="com.example.feature.library.LibraryQuestPriorityPolicyTest" time="0.001"/>
  <testcase name="mrComicQuestPriorityReason_prefersWeeklyRelaxedWhenWeekIsClosed" classname="com.example.feature.library.LibraryQuestPriorityPolicyTest" time="0.0"/>
  <testcase name="mrComicQuestPriorityReason_prefersWeeklyPushAfterDailyGoalIsDone" classname="com.example.feature.library.LibraryQuestPriorityPolicyTest" time="0.001"/>
  <testcase name="mrComicQuestPriorityReason_fallsBackToShelfBuildForShelfAchievements" classname="com.example.feature.library.LibraryQuestPriorityPolicyTest" time="0.0"/>
  <system-out><![CDATA[]]></system-out>
  <system-err><![CDATA[]]></system-err>
</testsuite>
