<?xml version="1.0" encoding="UTF-8"?>
<testsuite name="com.example.feature.library.LibraryDiscoveryQuestPolicyTest" tests="6" skipped="0" failures="0" errors="0" timestamp="2026-07-20T02:03:42.107Z" hostname="LEOSTRANGE" time="0.132">
  <properties/>
  <testcase name="resolveMrComicStableDiscoveryAction_upgradesFromFilesToSpecificRoute" classname="com.example.feature.library.LibraryDiscoveryQuestPolicyTest" time="0.098"/>
  <testcase name="mrComicDiscoveryHintAction_routesMarathonToSeriesWhenSeriesIsAvailable" classname="com.example.feature.library.LibraryDiscoveryQuestPolicyTest" time="0.0"/>
  <testcase name="resolveMrComicCollectionQuery_prefersTopAuthorAndGenre" classname="com.example.feature.library.LibraryDiscoveryQuestPolicyTest" time="0.032"/>
  <testcase name="resolveMrComicStableDiscoveryAction_keepsSpecificRememberedRouteWhenStillValid" classname="com.example.feature.library.LibraryDiscoveryQuestPolicyTest" time="0.001"/>
  <testcase name="resolveMrComicStableDiscoveryAction_dropsRememberedRouteWhenItIsNoLongerValid" classname="com.example.feature.library.LibraryDiscoveryQuestPolicyTest" time="0.001"/>
  <testcase name="mrComicDiscoveryHintAction_routesAuthorFanToCollectionWhenAuthorQueryExists" classname="com.example.feature.library.LibraryDiscoveryQuestPolicyTest" time="0.0"/>
  <system-out><![CDATA[]]></system-out>
  <system-err><![CDATA[]]></system-err>
</testsuite>
