<?xml version="1.0" encoding="UTF-8"?>
<testsuite name="com.example.engine.formats.text.HtmlSupportTest" tests="6" skipped="0" failures="0" errors="0" timestamp="2026-07-19T05:21:29.136Z" hostname="LEOSTRANGE" time="0.166">
  <properties/>
  <testcase name="extractsSemanticFootnoteBodiesWithoutRemovingReferences" classname="com.example.engine.formats.text.HtmlSupportTest" time="0.002"/>
  <testcase name="complexHtmlKeepsPreserveLayoutMode" classname="com.example.engine.formats.text.HtmlSupportTest" time="0.01"/>
  <testcase name="dropsScriptHeavyPreambleFromRealHtml" classname="com.example.engine.formats.text.HtmlSupportTest" time="0.143"/>
  <testcase name="preservesRelativeLinksAndImages" classname="com.example.engine.formats.text.HtmlSupportTest" time="0.004"/>
  <testcase name="simpleHtmlUsesUnifiedBookTypography" classname="com.example.engine.formats.text.HtmlSupportTest" time="0.002"/>
  <testcase name="rendersUtf8HtmlCorpusSample" classname="com.example.engine.formats.text.HtmlSupportTest" time="0.005"/>
  <system-out><![CDATA[]]></system-out>
  <system-err><![CDATA[]]></system-err>
</testsuite>
