<?xml version="1.0" encoding="UTF-8"?>
<testsuite name="com.example.engine.formats.text.TextSectionBuilderTest" tests="3" skipped="0" failures="0" errors="0" timestamp="2026-07-19T22:55:53.086Z" hostname="LEOSTRANGE" time="0.007">
  <properties/>
  <testcase name="fromMarkupRespectsForcedPageBreakMarker" classname="com.example.engine.formats.text.TextSectionBuilderTest" time="0.004"/>
  <testcase name="fromMarkupSplitsOnHeadingSections" classname="com.example.engine.formats.text.TextSectionBuilderTest" time="0.002"/>
  <testcase name="fromPlainTextSplitsOnBlankLinesIntoSections" classname="com.example.engine.formats.text.TextSectionBuilderTest" time="0.001"/>
  <system-out><![CDATA[]]></system-out>
  <system-err><![CDATA[]]></system-err>
</testsuite>
