<?xml version="1.0" encoding="UTF-8"?>
<testsuite name="com.example.engine.formats.text.pagination.LayoutUnitTextPaginatorTest" tests="2" skipped="0" failures="0" errors="0" timestamp="2026-07-19T22:55:53.129Z" hostname="LEOSTRANGE" time="0.007">
  <properties/>
  <testcase name="paginateIsDeterministicForSameInput" classname="com.example.engine.formats.text.pagination.LayoutUnitTextPaginatorTest" time="0.005"/>
  <testcase name="paginateReturnsAtLeastOneSubPage" classname="com.example.engine.formats.text.pagination.LayoutUnitTextPaginatorTest" time="0.002"/>
  <system-out><![CDATA[]]></system-out>
  <system-err><![CDATA[]]></system-err>
</testsuite>
