<?xml version="1.0" encoding="UTF-8"?>
<testsuite name="com.example.engine.formats.djvu.DjvuAnnotationsTest" tests="3" skipped="0" failures="0" errors="0" timestamp="2026-07-19T22:55:43.029Z" hostname="LEOSTRANGE" time="0.008">
  <properties/>
  <testcase name="tracks compressed ANTz annotations" classname="com.example.engine.formats.djvu.DjvuAnnotationsTest" time="0.005"/>
  <testcase name="extracts plain ANTa annotations" classname="com.example.engine.formats.djvu.DjvuAnnotationsTest" time="0.0"/>
  <testcase name="returns null when no annotations exist" classname="com.example.engine.formats.djvu.DjvuAnnotationsTest" time="0.001"/>
  <system-out><![CDATA[]]></system-out>
  <system-err><![CDATA[]]></system-err>
</testsuite>
