<?xml version="1.0" encoding="UTF-8"?>
<testsuite name="com.example.feature.reader.domain.session.ReaderSessionCoordinatorTest" tests="2" skipped="0" failures="0" errors="0" timestamp="2026-07-20T00:01:31.530Z" hostname="LEOSTRANGE" time="0.006">
  <properties/>
  <testcase name="close_collectsSessionSignalsAndUsesUpdatedPageCount" classname="com.example.feature.reader.domain.session.ReaderSessionCoordinatorTest" time="0.004"/>
  <testcase name="close_doesNotMarkDifferentComicCompleteAndKeepsStartFloor" classname="com.example.feature.reader.domain.session.ReaderSessionCoordinatorTest" time="0.001"/>
  <system-out><![CDATA[]]></system-out>
  <system-err><![CDATA[]]></system-err>
</testsuite>
