<?xml version="1.0" encoding="UTF-8"?>
<testsuite name="com.example.feature.reader.ui.ReaderAnchorNormalizationTest" tests="8" skipped="0" failures="0" errors="0" timestamp="2026-07-20T00:01:31.789Z" hostname="LEOSTRANGE" time="0.011">
  <properties/>
  <testcase name="fbanchor with empty content returns empty" classname="com.example.feature.reader.ui.ReaderAnchorNormalizationTest" time="0.006"/>
  <testcase name="uri encoded characters are decoded" classname="com.example.feature.reader.ui.ReaderAnchorNormalizationTest" time="0.001"/>
  <testcase name="regular anchor without prefix is unchanged" classname="com.example.feature.reader.ui.ReaderAnchorNormalizationTest" time="0.001"/>
  <testcase name="anchor with hash prefix is handled" classname="com.example.feature.reader.ui.ReaderAnchorNormalizationTest" time="0.0"/>
  <testcase name="empty string returns empty" classname="com.example.feature.reader.ui.ReaderAnchorNormalizationTest" time="0.001"/>
  <testcase name="complex uri encoded anchor is decoded" classname="com.example.feature.reader.ui.ReaderAnchorNormalizationTest" time="0.0"/>
  <testcase name="fbanchorColonPrefixIsStripped" classname="com.example.feature.reader.ui.ReaderAnchorNormalizationTest" time="0.0"/>
  <testcase name="fbanchorDoubleSlashPrefixIsStripped" classname="com.example.feature.reader.ui.ReaderAnchorNormalizationTest" time="0.001"/>
  <system-out><![CDATA[]]></system-out>
  <system-err><![CDATA[]]></system-err>
</testsuite>
