<?xml version="1.0" encoding="UTF-8"?>
<testsuite name="com.example.feature.reader.domain.session.ReaderSessionCoordinatorTest" tests="2" skipped="0" failures="0" errors="0" timestamp="2026-07-19T05:03:59.723Z" hostname="LEOSTRANGE" time="0.005">
  <properties/>
  <testcase name="close_collectsSessionSignalsAndUsesUpdatedPageCount" classname="com.example.feature.reader.domain.session.ReaderSessionCoordinatorTest" time="0.005"/>
  <testcase name="close_doesNotMarkDifferentComicCompleteAndKeepsStartFloor" classname="com.example.feature.reader.domain.session.ReaderSessionCoordinatorTest" time="0.0"/>
  <system-out><![CDATA[]]></system-out>
  <system-err><![CDATA[]]></system-err>
</testsuite>
