<?xml version="1.0" encoding="UTF-8"?>
<testsuite name="com.example.feature.reader.ui.DeferredPageCountPolicyTest" tests="9" skipped="0" failures="0" errors="0" timestamp="2026-07-19T05:03:59.738Z" hostname="LEOSTRANGE" time="0.167">
  <properties/>
  <testcase name="successfulCountResolvesToAuthoritativePageTotal" classname="com.example.feature.reader.ui.DeferredPageCountPolicyTest" time="0.006"/>
  <testcase name="failedCountRequestsRetryInsteadOfSilentlyKeepingProvisionalTotal" classname="com.example.feature.reader.ui.DeferredPageCountPolicyTest" time="0.003"/>
  <testcase name="cancellationDuringRetryDelayIsNotSwallowed" classname="com.example.feature.reader.ui.DeferredPageCountPolicyTest" time="0.138"/>
  <testcase name="retriesFailedCountThenReturnsAuthoritativeTotal" classname="com.example.feature.reader.ui.DeferredPageCountPolicyTest" time="0.008"/>
  <testcase name="appliesNewAuthoritativeTotalForCurrentProvisionalReader" classname="com.example.feature.reader.ui.DeferredPageCountPolicyTest" time="0.001"/>
  <testcase name="doesNotOverwriteTotalAlreadyResolvedByAnotherCount" classname="com.example.feature.reader.ui.DeferredPageCountPolicyTest" time="0.001"/>
  <testcase name="doesNotApplyCountWhenAnotherBookOrRequestBecameCurrent" classname="com.example.feature.reader.ui.DeferredPageCountPolicyTest" time="0.001"/>
  <testcase name="stopsAfterConfiguredRetriesAndKeepsFailureForDiagnostics" classname="com.example.feature.reader.ui.DeferredPageCountPolicyTest" time="0.006"/>
  <testcase name="nonPositiveCountRequestsRetryInsteadOfPublishingInvalidTotal" classname="com.example.feature.reader.ui.DeferredPageCountPolicyTest" time="0.001"/>
  <system-out><![CDATA[]]></system-out>
  <system-err><![CDATA[]]></system-err>
</testsuite>
