<?xml version="1.0" encoding="UTF-8"?>
<testsuite name="com.example.feature.reader.ui.ReaderProgressPersistencePolicyTest" tests="4" skipped="0" failures="0" errors="0" timestamp="2026-07-19T03:47:10.764Z" hostname="LEOSTRANGE" time="0.009">
  <properties/>
  <testcase name="completionRequiresTheLastPageAndActualReading" classname="com.example.feature.reader.ui.ReaderProgressPersistencePolicyTest" time="0.002"/>
  <testcase name="blocksNewHeavyReflowableBookUntilAPageCountIsAuthoritative" classname="com.example.feature.reader.ui.ReaderProgressPersistencePolicyTest" time="0.002"/>
  <testcase name="allowsPersistingMeasuredEpubAndOtherLoadedBooks" classname="com.example.feature.reader.ui.ReaderProgressPersistencePolicyTest" time="0.002"/>
  <testcase name="blocksEpubBeforeWebViewHasPaginatedEnoughSections" classname="com.example.feature.reader.ui.ReaderProgressPersistencePolicyTest" time="0.002"/>
  <system-out><![CDATA[]]></system-out>
  <system-err><![CDATA[]]></system-err>
</testsuite>
