<?xml version="1.0" encoding="UTF-8"?>
<testsuite name="com.example.feature.reader.ui.ReaderRecapVisibilityPolicyTest" tests="1" skipped="0" failures="0" errors="0" timestamp="2026-07-19T03:47:10.844Z" hostname="LEOSTRANGE" time="0.001">
  <properties/>
  <testcase name="shouldRecordReaderSessionMinutes_tracksOnlyRealReadingSignals" classname="com.example.feature.reader.ui.ReaderRecapVisibilityPolicyTest" time="0.001"/>
  <system-out><![CDATA[]]></system-out>
  <system-err><![CDATA[]]></system-err>
</testsuite>
