<?xml version="1.0" encoding="UTF-8"?>
<testsuite name="com.example.feature.reader.ui.ReaderSectionPagingPolicyTest" tests="2" skipped="0" failures="0" errors="0" timestamp="2026-07-19T03:47:10.850Z" hostname="LEOSTRANGE" time="0.003">
  <properties/>
  <testcase name="resetsVisualSubpageWhenNavigatingToAnotherDocumentSection" classname="com.example.feature.reader.ui.ReaderSectionPagingPolicyTest" time="0.003"/>
  <testcase name="preservesVisualSubpageWhenStayingInTheSameDocumentSection" classname="com.example.feature.reader.ui.ReaderSectionPagingPolicyTest" time="0.0"/>
  <system-out><![CDATA[]]></system-out>
  <system-err><![CDATA[]]></system-err>
</testsuite>
