<?xml version="1.0" encoding="UTF-8"?>
<testsuite name="com.example.feature.reader.ui.ReaderFootnotePopupPolicyTest" tests="2" skipped="0" failures="0" errors="0" timestamp="2026-07-19T03:47:10.127Z" hostname="LEOSTRANGE" time="0.011">
  <properties/>
  <testcase name="returnsNullForTextWithoutVisibleContent" classname="com.example.feature.reader.ui.ReaderFootnotePopupPolicyTest" time="0.006"/>
  <testcase name="normalizesHtmlAndInlineArtifactsIntoReadablePopupText" classname="com.example.feature.reader.ui.ReaderFootnotePopupPolicyTest" time="0.002"/>
  <system-out><![CDATA[]]></system-out>
  <system-err><![CDATA[]]></system-err>
</testsuite>
