<?xml version="1.0" encoding="UTF-8"?>
<testsuite name="com.example.feature.reader.ui.EpubProgressCalculatorTest" tests="3" skipped="0" failures="0" errors="0" timestamp="2026-07-19T03:47:09.743Z" hostname="LEOSTRANGE" time="0.021">
  <properties/>
  <testcase name="accumulateEstimatesUnmeasuredSectionsBeforeCurrentSection" classname="com.example.feature.reader.ui.EpubProgressCalculatorTest" time="0.015"/>
  <testcase name="estimatedTotalPages_preservesFractionalEstimateForUnvisitedSections" classname="com.example.feature.reader.ui.EpubProgressCalculatorTest" time="0.003"/>
  <testcase name="accumulateUsesMeasuredCountsWhenAvailable" classname="com.example.feature.reader.ui.EpubProgressCalculatorTest" time="0.0"/>
  <system-out><![CDATA[]]></system-out>
  <system-err><![CDATA[]]></system-err>
</testsuite>
