<?xml version="1.0" encoding="UTF-8"?>
<testsuite name="com.example.feature.reader.ui.ReaderStyleJsonExchangeTest" tests="9" skipped="0" failures="0" errors="0" timestamp="2026-07-19T03:47:10.861Z" hostname="LEOSTRANGE" time="0.05">
  <properties/>
  <testcase name="readerStylePresetSnapshot_matchesUiState_requiresExactTypographyMatch" classname="com.example.feature.reader.ui.ReaderStyleJsonExchangeTest" time="0.005"/>
  <testcase name="parseReaderStylePreset_acceptsMultipleDisplayNameKeysAndClampsFields" classname="com.example.feature.reader.ui.ReaderStyleJsonExchangeTest" time="0.016"/>
  <testcase name="readerTypographyExportFileName_fallsBackToStyleForBlankPreset" classname="com.example.feature.reader.ui.ReaderStyleJsonExchangeTest" time="0.008"/>
  <testcase name="buildReaderTypographyExportJson_producesExpectedKeysAndShape" classname="com.example.feature.reader.ui.ReaderStyleJsonExchangeTest" time="0.009"/>
  <testcase name="readerTypographyExportFileName_sanitizesPresetName" classname="com.example.feature.reader.ui.ReaderStyleJsonExchangeTest" time="0.001"/>
  <testcase name="readerStylePresetSnapshot_serializeSkipsBlankDisplayNameAndRoundTrips" classname="com.example.feature.reader.ui.ReaderStyleJsonExchangeTest" time="0.002"/>
  <testcase name="parseReaderStylePreset_prefersFirstNonBlankDisplayNameAlias" classname="com.example.feature.reader.ui.ReaderStyleJsonExchangeTest" time="0.003"/>
  <testcase name="readerStylePresetSnapshot_serializesThroughSlotAndKeepsDisplayNameFallback" classname="com.example.feature.reader.ui.ReaderStyleJsonExchangeTest" time="0.002"/>
  <testcase name="parseReaderStylePreset_rejectsBlankAndInvalidJson" classname="com.example.feature.reader.ui.ReaderStyleJsonExchangeTest" time="0.001"/>
  <system-out><![CDATA[]]></system-out>
  <system-err><![CDATA[]]></system-err>
</testsuite>
