<?xml version="1.0" encoding="UTF-8"?>
<testsuite name="com.example.feature.reader.ui.ReaderOpeningModePolicyTest" tests="4" skipped="0" failures="0" errors="0" timestamp="2026-07-19T03:47:10.754Z" hostname="LEOSTRANGE" time="0.004">
  <properties/>
  <testcase name="resolve_usesLandscapeSpreadOnlyForPagedPortraitModes" classname="com.example.feature.reader.ui.ReaderOpeningModePolicyTest" time="0.001"/>
  <testcase name="resolve_restoresPortraitPagedModeForHtmlContentFromSpread" classname="com.example.feature.reader.ui.ReaderOpeningModePolicyTest" time="0.001"/>
  <testcase name="resolve_restoresPortraitModeWhenSpreadIsNoLongerApplicable" classname="com.example.feature.reader.ui.ReaderOpeningModePolicyTest" time="0.0"/>
  <testcase name="resolve_keepsVerticalModeForHtmlTextContent" classname="com.example.feature.reader.ui.ReaderOpeningModePolicyTest" time="0.0"/>
  <system-out><![CDATA[]]></system-out>
  <system-err><![CDATA[]]></system-err>
</testsuite>
