<?xml version="1.0" encoding="UTF-8"?>
<testsuite name="com.example.feature.reader.ui.ReaderChromeComponentsTest" tests="2" skipped="0" failures="0" errors="0" timestamp="2026-07-20T03:38:53.673Z" hostname="LEOSTRANGE" time="0.012">
  <properties/>
  <testcase name="readerNotePanelMaxHeight_scalesAndClampsExpandedPanels" classname="com.example.feature.reader.ui.ReaderChromeComponentsTest" time="0.01"/>
  <testcase name="readerNotePanelMaxHeight_scalesAndClampsPeekPanels" classname="com.example.feature.reader.ui.ReaderChromeComponentsTest" time="0.0"/>
  <system-out><![CDATA[]]></system-out>
  <system-err><![CDATA[]]></system-err>
</testsuite>
