<?xml version="1.0" encoding="UTF-8"?>
<testsuite name="com.example.feature.reader.ui.ReaderChapterPolicyTest" tests="2" skipped="0" failures="0" errors="0" timestamp="2026-07-20T03:38:53.649Z" hostname="LEOSTRANGE" time="0.02">
  <properties/>
  <testcase name="currentChapter_returnsNullBeforeFirstChapterAndForEmptyToc" classname="com.example.feature.reader.ui.ReaderChapterPolicyTest" time="0.015"/>
  <testcase name="currentChapter_resolvesSortedChapterAtItsInclusiveStart" classname="com.example.feature.reader.ui.ReaderChapterPolicyTest" time="0.004"/>
  <system-out><![CDATA[]]></system-out>
  <system-err><![CDATA[]]></system-err>
</testsuite>
