<?xml version="1.0" encoding="UTF-8"?>
<testsuite name="com.example.feature.reader.ui.TextReaderNavigationTest" tests="3" skipped="0" failures="0" errors="0" timestamp="2026-07-20T03:38:54.185Z" hostname="LEOSTRANGE" time="0.004">
  <properties/>
  <testcase name="enginePageForUiPagePassthroughWhenPaginationNotReady" classname="com.example.feature.reader.ui.TextReaderNavigationTest" time="0.001"/>
  <testcase name="resolveNavigationPagePassthroughWhenPaginationNotReady" classname="com.example.feature.reader.ui.TextReaderNavigationTest" time="0.0"/>
  <testcase name="resolveTextPosition_clampsNegativeValues" classname="com.example.feature.reader.ui.TextReaderNavigationTest" time="0.002"/>
  <system-out><![CDATA[]]></system-out>
  <system-err><![CDATA[]]></system-err>
</testsuite>
