<?xml version="1.0" encoding="UTF-8"?>
<testsuite name="com.example.engine.formats.text.DocxSupportTest" tests="2" skipped="0" failures="0" errors="0" timestamp="2026-07-19T05:52:50.082Z" hostname="LEOSTRANGE" time="0.051">
  <properties/>
  <testcase name="docxBodyTextFallsBackToReaderSerifWhileExplicitHeadingFontIsKept" classname="com.example.engine.formats.text.DocxSupportTest" time="0.038"/>
  <testcase name="docxTablesInsideStructuredDocumentTagsAreRendered" classname="com.example.engine.formats.text.DocxSupportTest" time="0.013"/>
  <system-out><![CDATA[]]></system-out>
  <system-err><![CDATA[]]></system-err>
</testsuite>
