<?xml version="1.0" encoding="UTF-8"?>
<testsuite name="com.example.engine.formats.text.TextChapterDetectionTest" tests="3" skipped="0" failures="0" errors="0" timestamp="2026-07-18T14:24:24.159Z" hostname="LEOSTRANGE" time="0.054">
  <properties/>
  <testcase name="txtReaderReflowsSoftWrappedProseLines" classname="com.example.engine.formats.text.TextChapterDetectionTest" time="0.011"/>
  <testcase name="txtReaderConvertsGutenbergInlineEmphasis" classname="com.example.engine.formats.text.TextChapterDetectionTest" time="0.008"/>
  <testcase name="txtReaderBuildsTableOfContentsFromChapterHeadings" classname="com.example.engine.formats.text.TextChapterDetectionTest" time="0.034"/>
  <system-out><![CDATA[]]></system-out>
  <system-err><![CDATA[]]></system-err>
</testsuite>
