<?xml version="1.0" encoding="UTF-8"?>
<testsuite name="com.example.engine.formats.epub.EpubFootnoteParserTest" tests="3" skipped="0" failures="0" errors="0" timestamp="2026-07-18T14:24:21.976Z" hostname="LEOSTRANGE" time="0.032">
  <properties/>
  <testcase name="extracts FB2EPUB notes from a shared notes page" classname="com.example.engine.formats.epub.EpubFootnoteParserTest" time="0.016"/>
  <testcase name="does not treat regular chapter anchors as footnotes" classname="com.example.engine.formats.epub.EpubFootnoteParserTest" time="0.01"/>
  <testcase name="keeps legacy FbAutId single-note pages working" classname="com.example.engine.formats.epub.EpubFootnoteParserTest" time="0.006"/>
  <system-out><![CDATA[]]></system-out>
  <system-err><![CDATA[]]></system-err>
</testsuite>
