<?xml version="1.0" encoding="UTF-8"?>
<testsuite name="com.example.feature.reader.ui.ReaderFootnoteAnchorPolicyTest" tests="3" skipped="0" failures="0" errors="0" timestamp="2026-07-19T17:30:50.814Z" hostname="LEOSTRANGE" time="0.005">
  <properties/>
  <testcase name="recognizesKnownFootnoteAnchorsButRejectsChapterAnchors" classname="com.example.feature.reader.ui.ReaderFootnoteAnchorPolicyTest" time="0.002"/>
  <testcase name="createsStableDistinctLookupCandidates" classname="com.example.feature.reader.ui.ReaderFootnoteAnchorPolicyTest" time="0.002"/>
  <testcase name="normalizesBridgeSchemesAndEncodedFragments" classname="com.example.feature.reader.ui.ReaderFootnoteAnchorPolicyTest" time="0.001"/>
  <system-out><![CDATA[]]></system-out>
  <system-err><![CDATA[]]></system-err>
</testsuite>
