<?xml version="1.0" encoding="UTF-8"?>
<testsuite name="com.example.feature.reader.ui.ReaderChromeInsetPolicyTest" tests="2" skipped="0" failures="0" errors="0" timestamp="2026-07-19T17:30:50.755Z" hostname="LEOSTRANGE" time="0.003">
  <properties/>
  <testcase name="visibleAutoHideChromeStillReservesMeasuredSpace" classname="com.example.feature.reader.ui.ReaderChromeInsetPolicyTest" time="0.002"/>
  <testcase name="hiddenChromeDoesNotReserveStaleSpace" classname="com.example.feature.reader.ui.ReaderChromeInsetPolicyTest" time="0.001"/>
  <system-out><![CDATA[]]></system-out>
  <system-err><![CDATA[]]></system-err>
</testsuite>
