<?xml version="1.0" encoding="UTF-8"?>
<testsuite name="com.example.feature.reader.ui.preset.ReaderStylePresetUiStateMapperTest" tests="2" skipped="0" failures="0" errors="0" timestamp="2026-07-19T17:30:51.499Z" hostname="LEOSTRANGE" time="0.001">
  <properties/>
  <testcase name="applyReaderStylePreset_replacesTypographyAndKeepsUnrelatedReaderState" classname="com.example.feature.reader.ui.preset.ReaderStylePresetUiStateMapperTest" time="0.001"/>
  <testcase name="toReaderStylePresetSnapshot_normalizesDisplayNameAndCapturesTypography" classname="com.example.feature.reader.ui.preset.ReaderStylePresetUiStateMapperTest" time="0.0"/>
  <system-out><![CDATA[]]></system-out>
  <system-err><![CDATA[]]></system-err>
</testsuite>
