<?xml version="1.0" encoding="UTF-8"?>
<testsuite name="com.example.engine.epub.readium.ReadiumNavigatorBridgeTest" tests="16" skipped="0" failures="0" errors="0" timestamp="2026-07-12T19:04:50.500Z" hostname="LEOSTRANGE" time="0.052">
  <properties/>
  <testcase name="fallbackOpeningCandidatePrefersDocumentOverImageCoverWhenBothOpenable" classname="com.example.engine.epub.readium.ReadiumNavigatorBridgeTest" time="0.006"/>
  <testcase name="normalizeReadiumHrefStripsFragmentAndLeadingSlash" classname="com.example.engine.epub.readium.ReadiumNavigatorBridgeTest" time="0.0"/>
  <testcase name="readiumTocFragmentExtractsTrailingFragmentOnly" classname="com.example.engine.epub.readium.ReadiumNavigatorBridgeTest" time="0.002"/>
  <testcase name="matchesReadiumHrefMatchesNestedAndExactPaths" classname="com.example.engine.epub.readium.ReadiumNavigatorBridgeTest" time="0.001"/>
  <testcase name="selectReadiumOpeningCandidatePrefersExplicitCoverRelAnywhereInPublication" classname="com.example.engine.epub.readium.ReadiumNavigatorBridgeTest" time="0.0"/>
  <testcase name="selectReadiumOpeningCandidateFallsBackToFirstReadingOrderEntry" classname="com.example.engine.epub.readium.ReadiumNavigatorBridgeTest" time="0.001"/>
  <testcase name="readiumLocatorEquivalenceAllowsFrontMatterRoundingNoise" classname="com.example.engine.epub.readium.ReadiumNavigatorBridgeTest" time="0.0"/>
  <testcase name="readiumBoundedValueDropsNonFiniteAndClampsFiniteValues" classname="com.example.engine.epub.readium.ReadiumNavigatorBridgeTest" time="0.001"/>
  <testcase name="readiumPreferencesClampUnsafeSpacingValuesIntoSupportedRanges" classname="com.example.engine.epub.readium.ReadiumNavigatorBridgeTest" time="0.026"/>
  <testcase name="readiumFontHelpersNormalizeFontFamilyAndWeight" classname="com.example.engine.epub.readium.ReadiumNavigatorBridgeTest" time="0.003"/>
  <testcase name="normalizedReadiumLocatorKeyPrefersReadiumPositionOverSyntheticPageIndex" classname="com.example.engine.epub.readium.ReadiumNavigatorBridgeTest" time="0.005"/>
  <testcase name="fallbackOpeningCandidateSkipsNonOpenableCoverAndUsesNextDocument" classname="com.example.engine.epub.readium.ReadiumNavigatorBridgeTest" time="0.001"/>
  <testcase name="selectReadiumOpeningCandidatePrefersCoverLikeFrontMatter" classname="com.example.engine.epub.readium.ReadiumNavigatorBridgeTest" time="0.001"/>
  <testcase name="readiumPreferencesAlwaysProducePreferencesEvenForSparseSnapshots" classname="com.example.engine.epub.readium.ReadiumNavigatorBridgeTest" time="0.0"/>
  <testcase name="readiumFontWeightIgnoresZeroAndKeepsPositiveValuesBounded" classname="com.example.engine.epub.readium.ReadiumNavigatorBridgeTest" time="0.001"/>
  <testcase name="hasReadiumLocationHintRejectsPageOnlyTargets" classname="com.example.engine.epub.readium.ReadiumNavigatorBridgeTest" time="0.001"/>
  <system-out><![CDATA[]]></system-out>
  <system-err><![CDATA[]]></system-err>
</testsuite>
