<?xml version="1.0" encoding="UTF-8"?>
<testsuite name="com.example.feature.reader.ui.TextBookSessionBridgeTest" tests="2" skipped="0" failures="0" errors="0" timestamp="2026-07-19T05:21:17.538Z" hostname="LEOSTRANGE" time="0.013">
  <properties/>
  <testcase name="mapBookTocResolvesHrefThroughLegacyReader" classname="com.example.feature.reader.ui.TextBookSessionBridgeTest" time="0.009"/>
  <testcase name="reflowableTocResolvesHrefToSectionIndexNotLegacyPageIndex" classname="com.example.feature.reader.ui.TextBookSessionBridgeTest" time="0.004"/>
  <system-out><![CDATA[]]></system-out>
  <system-err><![CDATA[]]></system-err>
</testsuite>
