<?xml version="1.0" encoding="UTF-8"?>
<testsuite name="com.example.engine.formats.text.TextChapterDetectionTest" tests="3" skipped="0" failures="0" errors="0" timestamp="2026-07-20T02:04:33.668Z" hostname="LEOSTRANGE" time="0.063">
  <properties/>
  <testcase name="txtReaderReflowsSoftWrappedProseLines" classname="com.example.engine.formats.text.TextChapterDetectionTest" time="0.012"/>
  <testcase name="txtReaderConvertsGutenbergInlineEmphasis" classname="com.example.engine.formats.text.TextChapterDetectionTest" time="0.012"/>
  <testcase name="txtReaderBuildsTableOfContentsFromChapterHeadings" classname="com.example.engine.formats.text.TextChapterDetectionTest" time="0.039"/>
  <system-out><![CDATA[]]></system-out>
  <system-err><![CDATA[]]></system-err>
</testsuite>
