<?xml version="1.0" encoding="UTF-8"?>
<testsuite name="com.example.engine.formats.text.MarkdownSupportTest" tests="6" skipped="0" failures="0" errors="0" timestamp="2026-07-20T02:04:32.764Z" hostname="LEOSTRANGE" time="0.868">
  <properties/>
  <testcase name="parsesRealCorpusSampleIntoManyBlocks" classname="com.example.engine.formats.text.MarkdownSupportTest" time="0.543"/>
  <testcase name="preservesSafeInlineHtml" classname="com.example.engine.formats.text.MarkdownSupportTest" time="0.002"/>
  <testcase name="sanitizesDangerousHtmlTags" classname="com.example.engine.formats.text.MarkdownSupportTest" time="0.011"/>
  <testcase name="rendersFencedCodeBlocksAndHeadings" classname="com.example.engine.formats.text.MarkdownSupportTest" time="0.004"/>
  <testcase name="rendersTablesAutolinksAndStrikethrough" classname="com.example.engine.formats.text.MarkdownSupportTest" time="0.01"/>
  <testcase name="realCorpusKeepsOrderedListsAndBlockquotes" classname="com.example.engine.formats.text.MarkdownSupportTest" time="0.297"/>
  <system-out><![CDATA[]]></system-out>
  <system-err><![CDATA[]]></system-err>
</testsuite>
