<?xml version="1.0" encoding="UTF-8"?>
<testsuite name="com.example.engine.formats.text.TextDecodeMojibakeTest" tests="4" skipped="0" failures="0" errors="0" timestamp="2026-07-19T23:29:50.963Z" hostname="LEOSTRANGE" time="0.005">
  <properties/>
  <testcase name="doubleEncodedCyrillicRecoversToOriginal" classname="com.example.engine.formats.text.TextDecodeMojibakeTest" time="0.002"/>
  <testcase name="windows1251CyrillicRecoversCleanlyViaSingleBytePath" classname="com.example.engine.formats.text.TextDecodeMojibakeTest" time="0.002"/>
  <testcase name="validUtf8IsReturnedUntouchedEvenWithLatinSupplement" classname="com.example.engine.formats.text.TextDecodeMojibakeTest" time="0.0"/>
  <testcase name="repairIsIdempotentForSingleByteCyrillic" classname="com.example.engine.formats.text.TextDecodeMojibakeTest" time="0.001"/>
  <system-out><![CDATA[]]></system-out>
  <system-err><![CDATA[]]></system-err>
</testsuite>
