<?xml version="1.0" encoding="UTF-8"?>
<testsuite name="com.example.engine.formats.text.ReflowableSectionFirstEngineTest" tests="2" skipped="0" failures="0" errors="0" timestamp="2026-07-19T23:29:50.891Z" hostname="LEOSTRANGE" time="0.006">
  <properties/>
  <testcase name="sectionsFromHtmlBlocksGroupsByChapterHeadings" classname="com.example.engine.formats.text.ReflowableSectionFirstEngineTest" time="0.002"/>
  <testcase name="sectionsFromPlainTextAvoidsCharSplitPages" classname="com.example.engine.formats.text.ReflowableSectionFirstEngineTest" time="0.004"/>
  <system-out><![CDATA[]]></system-out>
  <system-err><![CDATA[]]></system-err>
</testsuite>
