<?xml version="1.0" encoding="UTF-8"?>
<testsuite name="com.example.core.data.db.ComicsMigrationCoverageTest" tests="4" skipped="0" failures="0" errors="0" timestamp="2026-07-12T19:02:01.398Z" hostname="LEOSTRANGE" time="0.121">
  <properties/>
  <testcase name="migrationMapHasNoStaleColumns" classname="com.example.core.data.db.ComicsMigrationCoverageTest" time="0.087"/>
  <testcase name="everyComicColumnIsCoveredByMigration8to9" classname="com.example.core.data.db.ComicsMigrationCoverageTest" time="0.002"/>
  <testcase name="notNullColumnsDeclareDefaults" classname="com.example.core.data.db.ComicsMigrationCoverageTest" time="0.015"/>
  <testcase name="versionConstantsAreConsistent" classname="com.example.core.data.db.ComicsMigrationCoverageTest" time="0.001"/>
  <system-out><![CDATA[]]></system-out>
  <system-err><![CDATA[]]></system-err>
</testsuite>
