<?xml version="1.0" encoding="UTF-8"?>
<testsuite name="com.example.feature.reader.ui.ReaderTtsPolicyTest" tests="3" skipped="0" failures="0" errors="0" timestamp="2026-07-18T12:11:02.293Z" hostname="LEOSTRANGE" time="0.01">
  <properties/>
  <testcase name="buildReaderTtsChunks returns empty for blank text" classname="com.example.feature.reader.ui.ReaderTtsPolicyTest" time="0.006"/>
  <testcase name="buildReaderTtsChunks splits long paragraphs into calm chunks" classname="com.example.feature.reader.ui.ReaderTtsPolicyTest" time="0.002"/>
  <testcase name="extractReaderTtsText strips html and keeps readable text" classname="com.example.feature.reader.ui.ReaderTtsPolicyTest" time="0.001"/>
  <system-out><![CDATA[]]></system-out>
  <system-err><![CDATA[]]></system-err>
</testsuite>
