<?xml version="1.0" encoding="UTF-8"?>
<testsuite name="com.example.feature.reader.ui.TextBookSessionBridgeTest" tests="2" skipped="0" failures="0" errors="0" timestamp="2026-07-18T12:11:02.306Z" hostname="LEOSTRANGE" time="0.012">
  <properties/>
  <testcase name="mapBookTocResolvesHrefThroughLegacyReader" classname="com.example.feature.reader.ui.TextBookSessionBridgeTest" time="0.008"/>
  <testcase name="reflowableTocResolvesHrefToSectionIndexNotLegacyPageIndex" classname="com.example.feature.reader.ui.TextBookSessionBridgeTest" time="0.003"/>
  <system-out><![CDATA[]]></system-out>
  <system-err><![CDATA[]]></system-err>
</testsuite>
