<?xml version="1.0" encoding="UTF-8"?>
<testsuite name="com.example.engine.formats.epub.EpubChunkingTest" tests="5" skipped="0" failures="0" errors="0" timestamp="2026-07-18T14:39:29.269Z" hostname="LEOSTRANGE" time="0.03">
  <properties/>
  <testcase name="unwrapsInvalidInlineWrappersInFb2EpubMarkup" classname="com.example.engine.formats.epub.EpubChunkingTest" time="0.024"/>
  <testcase name="keepsWholeBodyForWrappedFb2EpubMarkup" classname="com.example.engine.formats.epub.EpubChunkingTest" time="0.002"/>
  <testcase name="groupsHtmlBlocksWithoutCreatingEmptyTrailingPages" classname="com.example.engine.formats.epub.EpubChunkingTest" time="0.0"/>
  <testcase name="keepsAtLeastOneChunkForSmallEntries" classname="com.example.engine.formats.epub.EpubChunkingTest" time="0.0"/>
  <testcase name="keepsNormalParagraphBodyChunkable" classname="com.example.engine.formats.epub.EpubChunkingTest" time="0.003"/>
  <system-out><![CDATA[]]></system-out>
  <system-err><![CDATA[]]></system-err>
</testsuite>
