<?xml version="1.0" encoding="UTF-8"?>
<testsuite name="com.example.engine.formats.text.HtmlSupportTest" tests="5" skipped="0" failures="0" errors="0" timestamp="2026-07-12T18:52:55.154Z" hostname="LEOSTRANGE" time="0.215">
  <properties/>
  <testcase name="complexHtmlKeepsPreserveLayoutMode" classname="com.example.engine.formats.text.HtmlSupportTest" time="0.003"/>
  <testcase name="dropsScriptHeavyPreambleFromRealHtml" classname="com.example.engine.formats.text.HtmlSupportTest" time="0.157"/>
  <testcase name="preservesRelativeLinksAndImages" classname="com.example.engine.formats.text.HtmlSupportTest" time="0.003"/>
  <testcase name="simpleHtmlUsesUnifiedBookTypography" classname="com.example.engine.formats.text.HtmlSupportTest" time="0.002"/>
  <testcase name="rendersUtf8HtmlCorpusSample" classname="com.example.engine.formats.text.HtmlSupportTest" time="0.05"/>
  <system-out><![CDATA[]]></system-out>
  <system-err><![CDATA[]]></system-err>
</testsuite>
