<?xml version="1.0" encoding="UTF-8"?>
<testsuite name="com.example.feature.reader.ui.ReaderProgressPolicyTest" tests="21" skipped="0" failures="0" errors="0" timestamp="2026-07-20T00:33:33.687Z" hostname="LEOSTRANGE" time="0.017">
  <properties/>
  <testcase name="shouldAutoCompleteTitle_allowsReadingFinishOrPriorReadingSession" classname="com.example.feature.reader.ui.ReaderProgressPolicyTest" time="0.002"/>
  <testcase name="shouldRecordReaderSessionMinutes_tracksOnlyRealReadingSignals" classname="com.example.feature.reader.ui.ReaderProgressPolicyTest" time="0.0"/>
  <testcase name="positiveProgressDelta_returnsOnlyForwardProgress" classname="com.example.feature.reader.ui.ReaderProgressPolicyTest" time="0.0"/>
  <testcase name="resolveGoalCompletedAnalyticsEvent_ignoresAlreadyCompletedState" classname="com.example.feature.reader.ui.ReaderProgressPolicyTest" time="0.002"/>
  <testcase name="readerSessionCoordinator_keepsCurrentPageAndCompletionForActiveComic" classname="com.example.feature.reader.ui.ReaderProgressPolicyTest" time="0.0"/>
  <testcase name="readerSessionCoordinator_fallsBackWhenSessionComicIsGone" classname="com.example.feature.reader.ui.ReaderProgressPolicyTest" time="0.0"/>
  <testcase name="pageForPersistence_usesEpubVisualPageOnlyForEpub" classname="com.example.feature.reader.ui.ReaderProgressPolicyTest" time="0.001"/>
  <testcase name="readerClosedPayload_zeroesProgressSignalsForPureJumpButKeepsViewedEndPage" classname="com.example.feature.reader.ui.ReaderProgressPolicyTest" time="0.001"/>
  <testcase name="shouldAutoCompleteTitle_rejectsPureLastPageJump" classname="com.example.feature.reader.ui.ReaderProgressPolicyTest" time="0.001"/>
  <testcase name="resolveTitleCompletionPolicy_allowsJumpAfterPriorReadingWithoutSkippedPageXp" classname="com.example.feature.reader.ui.ReaderProgressPolicyTest" time="0.0"/>
  <testcase name="projectReaderProgressRecap_marksCompletionWhenProjectedPagesCrossGoal" classname="com.example.feature.reader.ui.ReaderProgressPolicyTest" time="0.0"/>
  <testcase name="buildReaderClosedAnalyticsEvent_clampsNegativeDurationToZero" classname="com.example.feature.reader.ui.ReaderProgressPolicyTest" time="0.003"/>
  <testcase name="resolveGoalCompletedAnalyticsEvent_reportsDailyAndWeeklyCompletionEdges" classname="com.example.feature.reader.ui.ReaderProgressPolicyTest" time="0.002"/>
  <testcase name="navigationProgressDelta_ignoresJumpNavigation" classname="com.example.feature.reader.ui.ReaderProgressPolicyTest" time="0.001"/>
  <testcase name="shouldEmitChapterProgressRecap_skipsFinalPageFlash" classname="com.example.feature.reader.ui.ReaderProgressPolicyTest" time="0.0"/>
  <testcase name="readerClosedPayload_keepsReadingSignalsForReadingFinish" classname="com.example.feature.reader.ui.ReaderProgressPolicyTest" time="0.001"/>
  <testcase name="resolveTitleCompletionPolicy_rejectsPureJumpAndAlreadyCompletedCases" classname="com.example.feature.reader.ui.ReaderProgressPolicyTest" time="0.0"/>
  <testcase name="countsAsManualPageTurn_tracksOnlyReadingNavigation" classname="com.example.feature.reader.ui.ReaderProgressPolicyTest" time="0.001"/>
  <testcase name="projectReaderProgressRecap_projectsDailyAndWeeklyPages" classname="com.example.feature.reader.ui.ReaderProgressPolicyTest" time="0.001"/>
  <testcase name="resolveTitleCompletionPolicy_buildsReadingFinishPayload" classname="com.example.feature.reader.ui.ReaderProgressPolicyTest" time="0.0"/>
  <testcase name="buildReaderClosedAnalyticsEvent_mapsAllSessionMetricsToPayload" classname="com.example.feature.reader.ui.ReaderProgressPolicyTest" time="0.001"/>
  <system-out><![CDATA[]]></system-out>
  <system-err><![CDATA[]]></system-err>
</testsuite>
