<?xml version="1.0" encoding="UTF-8"?>
<testsuite name="com.example.engine.formats.text.DocxSupportTest" tests="2" skipped="0" failures="0" errors="0" timestamp="2026-07-20T00:52:55.507Z" hostname="LEOSTRANGE" time="0.053">
  <properties/>
  <testcase name="docxBodyTextFallsBackToReaderSerifWhileExplicitHeadingFontIsKept" classname="com.example.engine.formats.text.DocxSupportTest" time="0.041"/>
  <testcase name="docxTablesInsideStructuredDocumentTagsAreRendered" classname="com.example.engine.formats.text.DocxSupportTest" time="0.012"/>
  <system-out><![CDATA[]]></system-out>
  <system-err><![CDATA[]]></system-err>
</testsuite>
