<?xml version="1.0" encoding="UTF-8"?>
<testsuite name="com.example.engine.formats.archive.ArchiveFormatSupportTest" tests="12" skipped="0" failures="0" errors="0" timestamp="2026-07-20T00:52:51.192Z" hostname="LEOSTRANGE" time="0.039">
  <properties/>
  <testcase name="selectedTextEntryKeepsSingleBookInnerFormat" classname="com.example.engine.formats.archive.ArchiveFormatSupportTest" time="0.012"/>
  <testcase name="comicPageSequenceWithStrayReadmeStaysImageSequence" classname="com.example.engine.formats.archive.ArchiveFormatSupportTest" time="0.009"/>
  <testcase name="archiveWithFrontispieceAndSingleTextEntryIsABook" classname="com.example.engine.formats.archive.ArchiveFormatSupportTest" time="0.001"/>
  <testcase name="genuineBookFormatStillWinsOverNumericImages" classname="com.example.engine.formats.archive.ArchiveFormatSupportTest" time="0.006"/>
  <testcase name="resolved image entry from archive is not a text reading format" classname="com.example.engine.formats.archive.ArchiveFormatSupportTest" time="0.001"/>
  <testcase name="textFormatDetectionKeepsInnerBookFormat" classname="com.example.engine.formats.archive.ArchiveFormatSupportTest" time="0.0"/>
  <testcase name="archive with only image entries is classified as image sequence" classname="com.example.engine.formats.archive.ArchiveFormatSupportTest" time="0.001"/>
  <testcase name="imageSequenceWithoutTextStaysRaster" classname="com.example.engine.formats.archive.ArchiveFormatSupportTest" time="0.001"/>
  <testcase name="resolved text entry from archive is a text reading format" classname="com.example.engine.formats.archive.ArchiveFormatSupportTest" time="0.004"/>
  <testcase name="archive with text entry is classified as single book" classname="com.example.engine.formats.archive.ArchiveFormatSupportTest" time="0.0"/>
  <testcase name="comicPageSequenceWithStrayAboutHtmlStaysImageSequence" classname="com.example.engine.formats.archive.ArchiveFormatSupportTest" time="0.001"/>
  <testcase name="archiveWithCoverAndSingleTextEntryIsABook" classname="com.example.engine.formats.archive.ArchiveFormatSupportTest" time="0.0"/>
  <system-out><![CDATA[]]></system-out>
  <system-err><![CDATA[]]></system-err>
</testsuite>
