<?xml version="1.0" encoding="UTF-8"?>
<testsuite name="com.example.core.model.ReaderScreenTimeoutModeTest" tests="2" skipped="0" failures="0" errors="0" timestamp="2026-07-12T19:01:58.421Z" hostname="LEOSTRANGE" time="0.005">
  <properties/>
  <testcase name="fromStoredFallsBackToSystem" classname="com.example.core.model.ReaderScreenTimeoutModeTest" time="0.003"/>
  <testcase name="neverModeKeepsScreenAwake" classname="com.example.core.model.ReaderScreenTimeoutModeTest" time="0.001"/>
  <system-out><![CDATA[]]></system-out>
  <system-err><![CDATA[]]></system-err>
</testsuite>
