<?xml version="1.0" encoding="UTF-8"?>
<testsuite name="com.example.core.model.ComicReadingStatusTest" tests="5" skipped="0" failures="0" errors="0" timestamp="2026-07-12T19:01:58.282Z" hostname="LEOSTRANGE" time="0.022">
  <properties/>
  <testcase name="placeholderFullProgressWithoutAnyReadingSignalStaysNew" classname="com.example.core.model.ComicReadingStatusTest" time="0.014"/>
  <testcase name="explicitProgressStillCompletesSinglePageBook" classname="com.example.core.model.ComicReadingStatusTest" time="0.002"/>
  <testcase name="unreadFirstPageOfMultipageBookStaysNew" classname="com.example.core.model.ComicReadingStatusTest" time="0.001"/>
  <testcase name="lastPageWithReadingActivityIsCompleted" classname="com.example.core.model.ComicReadingStatusTest" time="0.001"/>
  <testcase name="unreadSinglePageBookStaysNew" classname="com.example.core.model.ComicReadingStatusTest" time="0.001"/>
  <system-out><![CDATA[]]></system-out>
  <system-err><![CDATA[]]></system-err>
</testsuite>
