<?xml version="1.0" encoding="UTF-8"?>
<testsuite name="com.example.core.model.ServiceConfigModelsTest" tests="2" skipped="0" failures="0" errors="0" timestamp="2026-07-12T19:01:58.452Z" hostname="LEOSTRANGE" time="0.014">
  <properties/>
  <testcase name="reader tts config normalizes provider voice and slider ranges" classname="com.example.core.model.ServiceConfigModelsTest" time="0.003"/>
  <testcase name="translation config normalizes stored values" classname="com.example.core.model.ServiceConfigModelsTest" time="0.01"/>
  <system-out><![CDATA[]]></system-out>
  <system-err><![CDATA[]]></system-err>
</testsuite>
