<?xml version="1.0" encoding="UTF-8"?>
<testsuite name="com.example.core.model.ReaderTtsProviderTypeTest" tests="2" skipped="0" failures="0" errors="0" timestamp="2026-07-12T19:01:58.430Z" hostname="LEOSTRANGE" time="0.004">
  <properties/>
  <testcase name="fromStored_matches_known_value" classname="com.example.core.model.ReaderTtsProviderTypeTest" time="0.003"/>
  <testcase name="fromStored_defaults_to_system" classname="com.example.core.model.ReaderTtsProviderTypeTest" time="0.0"/>
  <system-out><![CDATA[]]></system-out>
  <system-err><![CDATA[]]></system-err>
</testsuite>
