<?xml version="1.0" encoding="UTF-8"?>
<testsuite name="com.example.engine.rendering.pool.BitmapPoolTest" tests="10" skipped="0" failures="0" errors="0" timestamp="2026-07-12T19:08:15.680Z" hostname="LEOSTRANGE" time="8.322">
  <properties/>
  <testcase name="release_recyclesBitmap_whenPoolFull" classname="com.example.engine.rendering.pool.BitmapPoolTest" time="5.213"/>
  <testcase name="trimMemory_background_clearsAll" classname="com.example.engine.rendering.pool.BitmapPoolTest" time="0.303"/>
  <testcase name="acquire_createsNewBitmap_whenConfigMismatch" classname="com.example.engine.rendering.pool.BitmapPoolTest" time="0.388"/>
  <testcase name="acquire_createsNewBitmap_whenSizeMismatch" classname="com.example.engine.rendering.pool.BitmapPoolTest" time="0.306"/>
  <testcase name="acquire_reusesBitmap_whenPoolHasMatchingEntry" classname="com.example.engine.rendering.pool.BitmapPoolTest" time="0.304"/>
  <testcase name="trimMemory_runningLow_trimsToHalf" classname="com.example.engine.rendering.pool.BitmapPoolTest" time="0.323"/>
  <testcase name="clear_recyclesAllPooledBitmaps" classname="com.example.engine.rendering.pool.BitmapPoolTest" time="0.307"/>
  <testcase name="acquire_createsNewBitmap_whenPoolEmpty" classname="com.example.engine.rendering.pool.BitmapPoolTest" time="0.342"/>
  <testcase name="release_doesNotRecycle_whenAlreadyRecycled" classname="com.example.engine.rendering.pool.BitmapPoolTest" time="0.412"/>
  <testcase name="trimMemory_uiHidden_doesNothing" classname="com.example.engine.rendering.pool.BitmapPoolTest" time="0.409"/>
  <system-out><![CDATA[]]></system-out>
  <system-err><![CDATA[SLF4J: Failed to load class "org.slf4j.impl.StaticLoggerBinder".
SLF4J: Defaulting to no-operation (NOP) logger implementation
SLF4J: See http://www.slf4j.org/codes.html#StaticLoggerBinder for further details.
WARNING: A Java agent has been loaded dynamically (C:\Users\xmeta\.gradle\caches\modules-2\files-2.1\net.bytebuddy\byte-buddy-agent\1.18.2\62f38a6faf7f069d661b79a07d566f504b0b20c4\byte-buddy-agent-1.18.2.jar)
WARNING: If a serviceability tool is in use, please run with -XX:+EnableDynamicAgentLoading to hide this warning
WARNING: If a serviceability tool is not in use, please run with -Djdk.instrument.traceUsage for more information
WARNING: Dynamic loading of agents will be disallowed by default in a future release
]]></system-err>
</testsuite>
