<?xml version="1.0" encoding="UTF-8"?>
<testsuite name="com.example.engine.formats.base.charset.CharsetDetectorTest" tests="4" skipped="0" failures="0" errors="0" timestamp="2026-07-19T13:57:02.307Z" hostname="LEOSTRANGE" time="0.004">
  <properties/>
  <testcase name="detectsUtf16ByNullByteDistribution" classname="com.example.engine.formats.base.charset.CharsetDetectorTest" time="0.001"/>
  <testcase name="detectsAndStripsUtf8Bom" classname="com.example.engine.formats.base.charset.CharsetDetectorTest" time="0.0"/>
  <testcase name="detectsUtf16Bom" classname="com.example.engine.formats.base.charset.CharsetDetectorTest" time="0.0"/>
  <testcase name="validatesUtf8WithoutAcceptingMalformedSequences" classname="com.example.engine.formats.base.charset.CharsetDetectorTest" time="0.001"/>
  <system-out><![CDATA[]]></system-out>
  <system-err><![CDATA[]]></system-err>
</testsuite>
