<?xml version="1.0" encoding="UTF-8"?>
<testsuite name="com.example.engine.formats.text.pagination.LayoutUnitTextPaginatorTest" tests="2" skipped="0" failures="0" errors="0" timestamp="2026-07-19T13:57:12.629Z" hostname="LEOSTRANGE" time="0.006">
  <properties/>
  <testcase name="paginateIsDeterministicForSameInput" classname="com.example.engine.formats.text.pagination.LayoutUnitTextPaginatorTest" time="0.003"/>
  <testcase name="paginateReturnsAtLeastOneSubPage" classname="com.example.engine.formats.text.pagination.LayoutUnitTextPaginatorTest" time="0.002"/>
  <system-out><![CDATA[]]></system-out>
  <system-err><![CDATA[]]></system-err>
</testsuite>
