<?xml version="1.0" encoding="UTF-8"?>
<testsuite name="com.example.engine.formats.text.MobiTextSupportTest" tests="2" skipped="0" failures="0" errors="0" timestamp="2026-07-18T16:02:16.957Z" hostname="LEOSTRANGE" time="0.015">
  <properties/>
  <testcase name="extractsUncompressedHtmlFromMinimalMobiContainer" classname="com.example.engine.formats.text.MobiTextSupportTest" time="0.013"/>
  <testcase name="decompressesSimplePalmDocBackReference" classname="com.example.engine.formats.text.MobiTextSupportTest" time="0.001"/>
  <system-out><![CDATA[]]></system-out>
  <system-err><![CDATA[]]></system-err>
</testsuite>
