<?xml version="1.0" encoding="UTF-8"?>
<testsuite name="com.example.engine.formats.text.pagination.DocumentTextPaginatorTest" tests="3" skipped="0" failures="0" errors="0" timestamp="2026-07-18T16:02:23.146Z" hostname="LEOSTRANGE" time="0.027">
  <properties/>
  <testcase name="paginateMarkupProducesPagesForEachSection" classname="com.example.engine.formats.text.pagination.DocumentTextPaginatorTest" time="0.014"/>
  <testcase name="paginatePlainTextIsDeterministic" classname="com.example.engine.formats.text.pagination.DocumentTextPaginatorTest" time="0.008"/>
  <testcase name="shortTitleSectionIsRepaginatedWithFollowingSection" classname="com.example.engine.formats.text.pagination.DocumentTextPaginatorTest" time="0.004"/>
  <system-out><![CDATA[]]></system-out>
  <system-err><![CDATA[]]></system-err>
</testsuite>
